0 0
262.364 0.0001
524.04 0.0002
784.726 0.0003
1044.2 0.0004
1302.27 0.0005
1558.8 0.0006
1813.64 0.0007
2066.68 0.0008
2317.82 0.0009
2566.95 0.001
2814.01 0.0011
3058.92 0.0012
3301.6 0.0013
3542.01 0.0014
3780.1 0.0015
4015.81 0.0016
4249.11 0.0017
3986.75 0.0016
3725.02 0.0015
3464.2 0.0014
3204.47 0.0013
2945.98 0.0012
2688.85 0.0011
2433.19 0.001
2179.09 0.0009
1926.64 0.0008
1675.92 0.0007
1426.99 0.0006
1179.91 0.0005
934.732 0.0004
691.504 0.0003
450.27 0.0002
211.066 0.0001
-26.0739 2.71051e-20
-261.121 -0.0001
-494.049 -0.0002
-724.836 -0.0003
-953.464 -0.0004
-1179.92 -0.0005
-1404.18 -0.0006
-1626.24 -0.0007
-1846.1 -0.0008
-2063.74 -0.0009
-2279.16 -0.001
-2492.37 -0.0011
-2703.35 -0.0012
-2912.12 -0.0013
-3118.67 -0.0014
-3323.02 -0.0015
-3525.15 -0.0016
-3725.1 -0.0017
-3462.82 -0.0016
-3201.41 -0.0015
-2941.19 -0.0014
-2682.34 -0.0013
-2425.03 -0.0012
-2169.37 -0.0011
-1915.48 -0.001
-1663.44 -0.0009
-1413.34 -0.0008
-1165.24 -0.0007
-919.21 -0.0006
-675.288 -0.0005
-433.524 -0.0004
-193.956 -0.0003
43.3845 -0.0002
278.469 -0.0001
511.274 -2.71051e-20
741.781 0.0001
969.974 0.0002
1195.84 0.0003
1419.37 0.0004
1640.56 0.0005
1859.41 0.0006
2075.91 0.0007
2290.07 0.0008
2501.88 0.0009
2711.36 0.001
2918.51 0.0011
3123.34 0.0012
3325.86 0.0013
3526.07 0.0014
3724 0.0015
3919.66 0.0016
4113.05 0.0017
4304.21 0.0018
4493.13 0.0019
4679.85 0.002
4864.37 0.0021
5046.72 0.0022
5226.91 0.0023
5404.97 0.0024
5580.92 0.0025
5754.77 0.0026
5926.55 0.0027
6096.28 0.0028
6263.98 0.0029
6429.67 0.003
6593.37 0.0031
6755.11 0.0032
6914.9 0.0033
7072.78 0.0034
7228.76 0.0035
7382.87 0.0036
7535.12 0.0037
7685.54 0.0038
7834.16 0.0039
7980.99 0.004
8126.06 0.0041
8269.39 0.0042
8411 0.0043
8550.92 0.0044
8689.16 0.0045
8825.75 0.0046
8960.72 0.0047
9094.07 0.0048
9225.84 0.0049
9356.04 0.005
9093.9 0.0049
8832.91 0.0048
8573.34 0.0047
8315.36 0.0046
8059.07 0.0045
7804.56 0.0044
7551.92 0.0043
7301.19 0.0042
7052.43 0.0041
6805.68 0.004
6560.97 0.0039
6318.33 0.0038
6077.79 0.0037
5839.35 0.0036
5603.04 0.0035
5368.86 0.0034
5136.82 0.0033
4906.93 0.0032
4679.19 0.0031
4453.6 0.003
4230.16 0.0029
4008.86 0.0028
3789.7 0.0027
3572.67 0.0026
3357.77 0.0025
3144.99 0.0024
2934.31 0.0023
2725.73 0.0022
2519.22 0.0021
2314.79 0.002
2112.42 0.0019
1912.08 0.0018
1713.77 0.0017
1517.48 0.0016
1323.18 0.0015
1130.86 0.0014
940.497 0.0013
752.084 0.0012
565.599 0.0011
381.024 0.001
198.342 0.0009
17.5347 0.0008
-161.416 0.0007
-338.529 0.0006
-513.822 0.0005
-687.314 0.0004
-859.024 0.0003
-1028.97 0.0002
-1197.17 0.0001
-1363.64 2.30393e-19
-1528.41 -0.0001
-1691.49 -0.0002
-1852.9 -0.0003
-2012.65 -0.0004
-2170.77 -0.0005
-2327.28 -0.0006
-2482.19 -0.0007
-2635.52 -0.0008
-2787.29 -0.0009
-2937.52 -0.001
-3086.23 -0.0011
-3233.42 -0.0012
-3379.13 -0.0013
-3523.37 -0.0014
-3666.16 -0.0015
-3807.51 -0.0016
-3947.44 -0.0017
-4085.97 -0.0018
-4223.11 -0.0019
-4358.88 -0.002
-4493.3 -0.0021
-4626.39 -0.0022
-4758.15 -0.0023
-4888.61 -0.0024
-5017.79 -0.0025
-5145.69 -0.0026
-5272.34 -0.0027
-5397.74 -0.0028
-5521.92 -0.0029
-5644.88 -0.003
-5766.65 -0.0031
-5887.24 -0.0032
-6006.66 -0.0033
-6124.93 -0.0034
-6242.06 -0.0035
-6358.07 -0.0036
-6472.96 -0.0037
-6586.76 -0.0038
-6699.47 -0.0039
-6811.12 -0.004
-6921.7 -0.0041
-7031.25 -0.0042
-7139.76 -0.0043
-7247.25 -0.0044
-7353.73 -0.0045
-7459.22 -0.0046
-7563.73 -0.0047
-7667.27 -0.0048
-7769.85 -0.0049
-7871.49 -0.005
-7609.42 -0.0049
-7348.68 -0.0048
-7089.55 -0.0047
-6832.2 -0.0046
-6576.74 -0.0045
-6323.26 -0.0044
-6071.84 -0.0043
-5822.53 -0.0042
-5575.38 -0.0041
-5330.42 -0.004
-5087.69 -0.0039
-4847.21 -0.0038
-4608.99 -0.0037
-4373.05 -0.0036
-4139.39 -0.0035
-3908.04 -0.0034
-3678.97 -0.0033
-3452.2 -0.0032
-3227.73 -0.0031
-3005.55 -0.003
-2785.64 -0.0029
-2568.01 -0.0028
-2352.65 -0.0027
-2139.53 -0.0026
-1928.66 -0.0025
-1720.01 -0.0024
-1513.57 -0.0023
-1309.33 -0.0022
-1107.26 -0.0021
-907.362 -0.002
-709.604 -0.0019
-513.971 -0.0018
-320.445 -0.0017
-129.006 -0.0016
60.3661 -0.0015
247.69 -0.0014
432.988 -0.0013
616.278 -0.0012
797.583 -0.0011
976.923 -0.001
1154.32 -0.0009
1329.79 -0.0008
1503.37 -0.0007
1675.06 -0.0006
1844.89 -0.0005
2012.89 -0.0004
2179.07 -0.0003
2343.45 -0.0002
2506.06 -0.0001
2666.92 -2.43945e-19
2826.05 0.0001
2983.46 0.0002
3139.19 0.0003
3293.24 0.0004
3445.65 0.0005
3596.43 0.0006
3745.6 0.0007
3893.19 0.0008
4039.2 0.0009
4183.67 0.001
4326.6 0.0011
4468.03 0.0012
4607.97 0.0013
4746.44 0.0014
4883.45 0.0015
5019.03 0.0016
5153.2 0.0017
5285.96 0.0018
5417.35 0.0019
5547.38 0.002
5676.06 0.0021
5803.42 0.0022
5929.46 0.0023
6054.22 0.0024
6177.7 0.0025
6299.92 0.0026
6420.9 0.0027
6540.65 0.0028
6659.19 0.0029
6776.54 0.003
6892.7 0.0031
7007.7 0.0032
7121.56 0.0033
7234.28 0.0034
7345.88 0.0035
7456.38 0.0036
7565.78 0.0037
7674.11 0.0038
7781.38 0.0039
7887.6 0.004
7992.78 0.0041
8096.94 0.0042
8200.1 0.0043
8302.25 0.0044
8403.43 0.0045
8503.64 0.0046
8602.88 0.0047
8701.19 0.0048
8798.56 0.0049
8895.01 0.005
8990.54 0.0051
9085.19 0.0052
9178.94 0.0053
9271.82 0.0054
9363.84 0.0055
9455 0.0056
9545.32 0.0057
9634.81 0.0058
9723.48 0.0059
9811.34 0.006
9898.39 0.0061
9984.66 0.0062
10070.1 0.0063
10154.9 0.0064
10238.8 0.0065
10322 0.0066
10404.5 0.0067
10486.2 0.0068
10567.2 0.0069
10647.5 0.007
10727.1 0.0071
10806 0.0072
10884.1 0.0073
10961.7 0.0074
11038.5 0.0075
10776.4 0.0074
10515.7 0.0073
10256.5 0.0072
9998.96 0.0071
9743.26 0.007
9489.44 0.0069
9237.56 0.0068
8987.67 0.0067
8739.82 0.0066
8494.02 0.0065
8250.31 0.0064
8008.71 0.0063
7769.22 0.0062
7531.87 0.0061
7296.66 0.006
7063.59 0.0059
6832.66 0.0058
6603.88 0.0057
6377.25 0.0056
6152.75 0.0055
5930.38 0.0054
5710.14 0.0053
5492.02 0.0052
5276 0.0051
5062.08 0.005
4850.24 0.0049
4640.47 0.0048
4432.76 0.0047
4227.09 0.0046
4023.45 0.0045
3821.82 0.0044
3622.19 0.0043
3424.54 0.0042
3228.85 0.0041
3035.11 0.004
2843.3 0.0039
2653.4 0.0038
2465.4 0.0037
2279.27 0.0036
2095 0.0035
1912.57 0.0034
1731.95 0.0033
1553.15 0.0032
1376.12 0.0031
1200.86 0.003
1027.35 0.0029
855.569 0.0028
685.496 0.0027
517.114 0.0026
350.404 0.0025
185.349 0.0024
21.9298 0.0023
-139.872 0.0022
-300.074 0.0021
-458.694 0.002
-615.752 0.0019
-771.263 0.0018
-925.247 0.0017
-1077.72 0.0016
-1228.7 0.0015
-1378.21 0.0014
-1526.26 0.0013
-1672.86 0.0012
-1818.05 0.0011
-1961.82 0.001
-2104.21 0.0009
-2245.22 0.0008
-2384.87 0.0007
-2523.18 0.0006
-2660.16 0.0005
-2795.84 0.0004
-2930.22 0.0003
-3063.32 0.0002
-3195.16 0.0001
-3325.75 2.43945e-19
-3455.1 -0.0001
-3583.24 -0.0002
-3710.17 -0.0003
-3835.92 -0.0004
-3960.48 -0.0005
-4083.89 -0.0006
-4206.15 -0.0007
-4327.28 -0.0008
-4447.28 -0.0009
-4566.18 -0.001
-4683.99 -0.0011
-4800.71 -0.0012
-4916.37 -0.0013
-5030.98 -0.0014
-5144.54 -0.0015
-5257.08 -0.0016
-5368.6 -0.0017
-5479.11 -0.0018
-5588.63 -0.0019
-5697.17 -0.002
-5804.74 -0.0021
-5911.35 -0.0022
-6017.02 -0.0023
-6121.75 -0.0024
-6225.56 -0.0025
-6328.46 -0.0026
-6430.45 -0.0027
-6531.55 -0.0028
-6631.77 -0.0029
-6731.12 -0.003
-6829.62 -0.0031
-6927.26 -0.0032
-7024.06 -0.0033
-7120.03 -0.0034
-7215.18 -0.0035
-7309.52 -0.0036
-7403.06 -0.0037
-7495.81 -0.0038
-7587.77 -0.0039
-7678.96 -0.004
-7769.39 -0.0041
-7859.06 -0.0042
-7947.98 -0.0043
-8036.16 -0.0044
-8123.62 -0.0045
-8210.35 -0.0046
-8296.37 -0.0047
-8381.69 -0.0048
-8466.3 -0.0049
-8550.23 -0.005
-8633.48 -0.0051
-8716.05 -0.0052
-8797.96 -0.0053
-8879.21 -0.0054
-8959.81 -0.0055
-9039.77 -0.0056
-9119.09 -0.0057
-9197.78 -0.0058
-9275.85 -0.0059
-9353.3 -0.006
-9430.14 -0.0061
-9506.39 -0.0062
-9582.04 -0.0063
-9657.1 -0.0064
-9731.57 -0.0065
-9805.48 -0.0066
-9878.81 -0.0067
-9951.58 -0.0068
-10023.8 -0.0069
-10095.5 -0.007
-10166.6 -0.0071
-10237.2 -0.0072
-10307.2 -0.0073
-10376.7 -0.0074
-10445.7 -0.0075
-10183.7 -0.0074
-9922.99 -0.0073
-9663.89 -0.0072
-9406.54 -0.0071
-9151.05 -0.007
-8897.48 -0.0069
-8645.92 -0.0068
-8396.39 -0.0067
-8148.94 -0.0066
-7903.61 -0.0065
-7660.41 -0.0064
-7419.37 -0.0063
-7180.49 -0.0062
-6943.8 -0.0061
-6709.28 -0.006
-6476.96 -0.0059
-6246.83 -0.0058
-6018.88 -0.0057
-5793.12 -0.0056
-5569.54 -0.0055
-5348.13 -0.0054
-5128.88 -0.0053
-4911.78 -0.0052
-4696.83 -0.0051
-4484.01 -0.005
-4273.31 -0.0049
-4064.71 -0.0048
-3858.2 -0.0047
-3653.76 -0.0046
-3451.38 -0.0045
-3251.05 -0.0044
-3052.73 -0.0043
-2856.43 -0.0042
-2662.11 -0.0041
-2469.76 -0.004
-2279.37 -0.0039
-2090.91 -0.0038
-1904.37 -0.0037
-1719.72 -0.0036
-1536.95 -0.0035
-1356.04 -0.0034
-1176.97 -0.0033
-999.721 -0.0032
-824.271 -0.0031
-650.602 -0.003
-478.695 -0.0029
-308.53 -0.0028
-140.089 -0.0027
26.6482 -0.0026
191.7 -0.0025
355.087 -0.0024
516.826 -0.0023
676.938 -0.0022
835.441 -0.0021
992.353 -0.002
1147.69 -0.0019
1301.48 -0.0018
1453.73 -0.0017
1604.47 -0.0016
1753.7 -0.0015
1901.46 -0.0014
2047.75 -0.0013
2192.6 -0.0012
2336.01 -0.0011
2478.02 -0.001
2618.63 -0.0009
2757.87 -0.0008
2895.74 -0.0007
3032.27 -0.0006
3167.48 -0.0005
3301.37 -0.0004
3433.96 -0.0003
3565.28 -0.0002
3695.33 -0.0001
3824.13 -2.30393e-19
3951.7 0.0001
4078.05 0.0002
4203.2 0.0003
4327.16 0.0004
4449.94 0.0005
4571.57 0.0006
4692.05 0.0007
4811.4 0.0008
4929.63 0.0009
5046.76 0.001
5162.79 0.0011
5277.75 0.0012
5391.65 0.0013
5504.49 0.0014
5616.3 0.0015
5727.08 0.0016
5836.84 0.0017
5945.61 0.0018
6053.39 0.0019
6160.19 0.002
6266.03 0.0021
6370.91 0.0022
6474.85 0.0023
6577.87 0.0024
6679.96 0.0025
6781.15 0.0026
6881.44 0.0027
6980.84 0.0028
7079.37 0.0029
7177.03 0.003
7273.84 0.0031
7369.8 0.0032
7464.93 0.0033
7559.24 0.0034
7652.73 0.0035
7745.42 0.0036
7837.31 0.0037
7928.41 0.0038
8018.74 0.0039
8108.3 0.004
8197.1 0.0041
8285.16 0.0042
8372.47 0.0043
8459.05 0.0044
8544.91 0.0045
8630.05 0.0046
8714.48 0.0047
8798.22 0.0048
8881.27 0.0049
8963.63 0.005
9045.32 0.0051
9126.34 0.0052
9206.7 0.0053
9286.42 0.0054
9365.48 0.0055
9443.91 0.0056
9521.71 0.0057
9598.89 0.0058
9675.46 0.0059
9751.41 0.006
9826.77 0.0061
9901.52 0.0062
9975.7 0.0063
10049.3 0.0064
10122.3 0.0065
10194.7 0.0066
10266.6 0.0067
10338 0.0068
10408.7 0.0069
10479 0.007
10548.7 0.0071
10617.8 0.0072
10686.5 0.0073
10754.6 0.0074
10822.2 0.0075
10889.3 0.0076
10955.9 0.0077
11022 0.0078
11087.6 0.0079
11152.7 0.008
11217.3 0.0081
11281.5 0.0082
11345.2 0.0083
11408.4 0.0084
11471.2 0.0085
11533.5 0.0086
11595.3 0.0087
11656.7 0.0088
11717.7 0.0089
11778.2 0.009
11838.3 0.0091
11898 0.0092
11957.2 0.0093
12016 0.0094
12074.4 0.0095
12132.4 0.0096
12190 0.0097
12247.2 0.0098
12304 0.0099
12360.4 0.01
12416.4 0.0101
12472 0.0102
12527.2 0.0103
12582.1 0.0104
12636.6 0.0105
12690.7 0.0106
12744.5 0.0107
12797.8 0.0108
12850.9 0.0109
12903.5 0.011
12955.9 0.0111
13007.8 0.0112
13059.4 0.0113
13110.7 0.0114
13161.7 0.0115
13212.3 0.0116
13262.6 0.0117
13312.5 0.0118
13362.1 0.0119
13411.4 0.012
13460.4 0.0121
13198.4 0.012
12937.7 0.0119
12678.5 0.0118
12421 0.0117
12165.4 0.0116
11911.5 0.0115
11659.6 0.0114
11409.6 0.0113
11161.6 0.0112
10915.6 0.0111
10671.6 0.011
10429.7 0.0109
10189.8 0.0108
9951.98 0.0107
9716.23 0.0106
9482.54 0.0105
9250.93 0.0104
9021.38 0.0103
8793.89 0.0102
8568.47 0.0101
8345.09 0.01
8123.76 0.0099
7904.47 0.0098
7687.2 0.0097
7471.95 0.0096
7258.7 0.0095
7047.44 0.0094
6838.16 0.0093
6630.84 0.0092
6425.47 0.0091
6222.03 0.009
6020.52 0.0089
5820.91 0.0088
5623.19 0.0087
5427.34 0.0086
5233.35 0.0085
5041.19 0.0084
4850.86 0.0083
4662.34 0.0082
4475.6 0.0081
4290.64 0.008
4107.43 0.0079
3925.96 0.0078
3746.21 0.0077
3568.16 0.0076
3391.8 0.0075
3217.11 0.0074
3044.07 0.0073
2872.66 0.0072
2702.87 0.0071
2534.68 0.007
2368.07 0.0069
2203.03 0.0068
2039.54 0.0067
1877.58 0.0066
1717.13 0.0065
1558.19 0.0064
1400.72 0.0063
1244.72 0.0062
1090.17 0.0061
937.059 0.006
785.361 0.0059
635.064 0.0058
486.153 0.0057
338.613 0.0056
192.427 0.0055
47.5802 0.0054
-95.9421 0.0053
-238.155 0.0052
-379.074 0.0051
-518.713 0.005
-657.088 0.0049
-794.211 0.0048
-930.099 0.0047
-1064.76 0.0046
-1198.22 0.0045
-1330.49 0.0044
-1461.57 0.0043
-1591.48 0.0042
-1720.25 0.0041
-1847.87 0.004
-1974.36 0.0039
-2099.74 0.0038
-2224.02 0.0037
-2347.21 0.0036
-2469.32 0.0035
-2590.37 0.0034
-2710.37 0.0033
-2829.32 0.0032
-2947.25 0.0031
-3064.17 0.003
-3180.07 0.0029
-3294.99 0.0028
-3408.92 0.0027
-3521.88 0.0026
-3633.89 0.0025
-3744.94 0.0024
-3855.06 0.0023
-3964.25 0.0022
-4072.52 0.0021
-4179.88 0.002
-4286.35 0.0019
-4391.94 0.0018
-4496.65 0.0017
-4600.49 0.0016
-4703.47 0.0015
-4805.61 0.0014
-4906.91 0.0013
-5007.39 0.0012
-5107.04 0.0011
-5205.89 0.001
-5303.94 0.0009
-5401.19 0.0008
-5497.66 0.0007
-5593.36 0.0006
-5688.29 0.0005
-5782.47 0.0004
-5875.9 0.0003
-5968.58 0.0002
-6060.54 0.0001
-6151.77 2.43945e-19
-6242.28 -0.0001
-6332.09 -0.0002
-6421.2 -0.0003
-6509.61 -0.0004
-6597.34 -0.0005
-6684.39 -0.0006
-6770.77 -0.0007
-6856.48 -0.0008
-6941.54 -0.0009
-7025.95 -0.001
-7109.72 -0.0011
-7192.86 -0.0012
-7275.36 -0.0013
-7357.24 -0.0014
-7438.51 -0.0015
-7519.17 -0.0016
-7599.23 -0.0017
-7678.7 -0.0018
-7757.57 -0.0019
-7835.86 -0.002
-7913.57 -0.0021
-7990.72 -0.0022
-8067.29 -0.0023
-8143.31 -0.0024
-8218.78 -0.0025
-8293.7 -0.0026
-8368.08 -0.0027
-8441.92 -0.0028
-8515.23 -0.0029
-8588.01 -0.003
-8660.28 -0.0031
-8732.03 -0.0032
-8803.28 -0.0033
-8874.02 -0.0034
-8944.26 -0.0035
-9014 -0.0036
-9083.26 -0.0037
-9152.04 -0.0038
-9220.34 -0.0039
-9288.16 -0.004
-9355.52 -0.0041
-9422.41 -0.0042
-9488.84 -0.0043
-9554.82 -0.0044
-9620.34 -0.0045
-9685.42 -0.0046
-9750.06 -0.0047
-9814.26 -0.0048
-9878.03 -0.0049
-9941.37 -0.005
-10004.3 -0.0051
-10066.8 -0.0052
-10128.9 -0.0053
-10190.5 -0.0054
-10251.8 -0.0055
-10312.7 -0.0056
-10373.1 -0.0057
-10433.2 -0.0058
-10492.8 -0.0059
-10552.1 -0.006
-10611 -0.0061
-10669.5 -0.0062
-10727.7 -0.0063
-10785.4 -0.0064
-10842.8 -0.0065
-10899.9 -0.0066
-10956.5 -0.0067
-11012.8 -0.0068
-11068.8 -0.0069
-11124.4 -0.007
-11179.6 -0.0071
-11234.5 -0.0072
-11289.1 -0.0073
-11343.3 -0.0074
-11397.2 -0.0075
-11450.7 -0.0076
-11504 -0.0077
-11556.9 -0.0078
-11609.4 -0.0079
-11661.7 -0.008
-11713.6 -0.0081
-11765.2 -0.0082
-11816.5 -0.0083
-11867.5 -0.0084
-11918.2 -0.0085
-11968.6 -0.0086
-12018.6 -0.0087
-12068.4 -0.0088
-12117.9 -0.0089
-12167.1 -0.009
-12216 -0.0091
-12264.6 -0.0092
-12312.9 -0.0093
-12361 -0.0094
-12408.7 -0.0095
-12456.2 -0.0096
-12503.4 -0.0097
-12550.4 -0.0098
-12597 -0.0099
-12643.4 -0.01
-12689.6 -0.0101
-12735.5 -0.0102
-12781.1 -0.0103
-12826.4 -0.0104
-12871.5 -0.0105
-12916.4 -0.0106
-12960.9 -0.0107
-13005.3 -0.0108
-13049.4 -0.0109
-13093.2 -0.011
-13136.8 -0.0111
-13180.2 -0.0112
-13223.3 -0.0113
-13266.2 -0.0114
-13308.9 -0.0115
-13351.3 -0.0116
-13393.5 -0.0117
-13435.4 -0.0118
-13477.1 -0.0119
-13518.6 -0.012
-13559.9 -0.0121
-13297.9 -0.012
-13037.2 -0.0119
-12778.2 -0.0118
-12520.8 -0.0117
-12265.2 -0.0116
-12011.6 -0.0115
-11759.8 -0.0114
-11510 -0.0113
-11262.2 -0.0112
-11016.5 -0.0111
-10772.8 -0.011
-10531.1 -0.0109
-10291.5 -0.0108
-10054 -0.0107
-9818.53 -0.0106
-9585.17 -0.0105
-9353.89 -0.0104
-9124.68 -0.0103
-8897.55 -0.0102
-8672.48 -0.0101
-8449.47 -0.01
-8228.52 -0.0099
-8009.6 -0.0098
-7792.71 -0.0097
-7577.85 -0.0096
-7364.99 -0.0095
-7154.12 -0.0094
-6945.23 -0.0093
-6738.31 -0.0092
-6533.34 -0.0091
-6330.31 -0.009
-6129.19 -0.0089
-5929.98 -0.0088
-5732.66 -0.0087
-5537.21 -0.0086
-5343.62 -0.0085
-5151.86 -0.0084
-4961.93 -0.0083
-4773.79 -0.0082
-4587.45 -0.0081
-4402.88 -0.008
-4220.06 -0.0079
-4038.97 -0.0078
-3859.6 -0.0077
-3681.93 -0.0076
-3505.94 -0.0075
-3331.62 -0.0074
-3158.95 -0.0073
-2987.91 -0.0072
-2818.47 -0.0071
-2650.64 -0.007
-2484.38 -0.0069
-2319.69 -0.0068
-2156.54 -0.0067
-1994.91 -0.0066
-1834.8 -0.0065
-1676.18 -0.0064
-1519.04 -0.0063
-1363.36 -0.0062
-1209.13 -0.0061
-1056.32 -0.006
-904.927 -0.0059
-754.929 -0.0058
-606.313 -0.0057
-459.061 -0.0056
-313.16 -0.0055
-168.592 -0.0054
-25.3442 -0.0053
116.6 -0.0052
257.255 -0.0051
396.635 -0.005
534.755 -0.0049
671.63 -0.0048
807.274 -0.0047
941.701 -0.0046
1074.92 -0.0045
1206.96 -0.0044
1337.82 -0.0043
1467.52 -0.0042
1596.06 -0.0041
1723.48 -0.004
1849.77 -0.0039
1974.95 -0.0038
2099.03 -0.0037
2222.03 -0.0036
2343.96 -0.0035
2464.83 -0.0034
2584.65 -0.0033
2703.43 -0.0032
2821.2 -0.0031
2937.95 -0.003
3053.7 -0.0029
3168.46 -0.0028
3282.25 -0.0027
3395.06 -0.0026
3506.93 -0.0025
3617.85 -0.0024
3727.83 -0.0023
3836.9 -0.0022
3945.04 -0.0021
4052.29 -0.002
4158.65 -0.0019
4264.12 -0.0018
4368.72 -0.0017
4472.46 -0.0016
4575.35 -0.0015
4677.4 -0.0014
4778.61 -0.0013
4879 -0.0012
4978.57 -0.0011
5077.34 -0.001
5175.31 -0.0009
5272.49 -0.0008
5368.89 -0.0007
5464.53 -0.0006
5559.4 -0.0005
5653.51 -0.0004
5746.89 -0.0003
5839.52 -0.0002
5931.43 -0.0001
6022.61 -2.57498e-19
6113.09 0.0001
6202.86 0.0002
6291.93 0.0003
6380.31 0.0004
6468.01 0.0005
6555.03 0.0006
6641.39 0.0007
6727.08 0.0008
6812.12 0.0009
6896.52 0.001
6980.28 0.0011
7063.4 0.0012
7145.9 0.0013
7227.78 0.0014
7309.05 0.0015
7389.71 0.0016
7469.77 0.0017
7549.24 0.0018
7628.12 0.0019
7706.42 0.002
7784.15 0.0021
7861.31 0.0022
7937.91 0.0023
8013.95 0.0024
8089.44 0.0025
8164.38 0.0026
8238.78 0.0027
8312.65 0.0028
8386 0.0029
8458.82 0.003
8531.12 0.0031
8602.91 0.0032
8674.19 0.0033
8744.97 0.0034
8815.26 0.0035
8885.05 0.0036
8954.36 0.0037
9023.18 0.0038
9091.53 0.0039
9159.41 0.004
9226.82 0.0041
9293.77 0.0042
9360.25 0.0043
9426.29 0.0044
9491.88 0.0045
9557.02 0.0046
9621.72 0.0047
9685.99 0.0048
9749.83 0.0049
9813.24 0.005
9876.23 0.0051
9938.79 0.0052
10000.9 0.0053
10062.7 0.0054
10124 0.0055
10185 0.0056
10245.5 0.0057
10305.6 0.0058
10365.4 0.0059
10424.8 0.006
10483.7 0.0061
10542.3 0.0062
10600.6 0.0063
10658.4 0.0064
10715.9 0.0065
10773 0.0066
10829.8 0.0067
10886.2 0.0068
10942.2 0.0069
10997.9 0.007
11053.2 0.0071
11108.2 0.0072
11162.9 0.0073
11217.2 0.0074
11271.2 0.0075
11324.8 0.0076
11378.2 0.0077
11431.2 0.0078
11483.8 0.0079
11536.2 0.008
11588.2 0.0081
11639.9 0.0082
11691.3 0.0083
11742.4 0.0084
11793.2 0.0085
11843.7 0.0086
11893.9 0.0087
11943.8 0.0088
11993.4 0.0089
12042.7 0.009
12091.7 0.0091
12140.4 0.0092
12188.9 0.0093
12237 0.0094
12284.9 0.0095
12332.5 0.0096
12379.8 0.0097
12426.9 0.0098
12473.7 0.0099
12520.2 0.01
12566.4 0.0101
12612.4 0.0102
12658.1 0.0103
12703.6 0.0104
12748.8 0.0105
12793.8 0.0106
12838.5 0.0107
12883 0.0108
12927.2 0.0109
12971.2 0.011
13014.9 0.0111
13058.4 0.0112
13101.6 0.0113
13144.6 0.0114
13187.4 0.0115
13229.9 0.0116
13272.2 0.0117
13314.3 0.0118
13356.2 0.0119
13397.8 0.012
13439.2 0.0121
13480.4 0.0122
13521.4 0.0123
13562.1 0.0124
13602.7 0.0125
13643 0.0126
13683.1 0.0127
13723 0.0128
13762.7 0.0129
13802.1 0.013
13841.4 0.0131
13880.5 0.0132
13919.4 0.0133
13958 0.0134
13996.5 0.0135
14034.8 0.0136
14072.9 0.0137
14110.7 0.0138
14148.4 0.0139
14185.9 0.014
14223.3 0.0141
14260.4 0.0142
14297.3 0.0143
14334.1 0.0144
14370.6 0.0145
14407 0.0146
14443.2 0.0147
14479.3 0.0148
14515.1 0.0149
14550.8 0.015
14586.3 0.0151
14621.6 0.0152
14656.8 0.0153
14691.8 0.0154
14726.6 0.0155
14761.2 0.0156
14795.7 0.0157
14830 0.0158
14864.2 0.0159
14898.2 0.016
14932 0.0161
14965.7 0.0162
14999.2 0.0163
15032.5 0.0164
15065.7 0.0165
15098.8 0.0166
15131.6 0.0167
15164.4 0.0168
15196.9 0.0169
15229.4 0.017
15261.7 0.0171
15293.8 0.0172
15325.8 0.0173
15357.6 0.0174
15389.3 0.0175
15420.8 0.0176
15452.2 0.0177
15483.5 0.0178
15514.6 0.0179
15545.6 0.018
15576.4 0.0181
15314.4 0.018
15053.7 0.0179
14794.5 0.0178
14536.9 0.0177
14281.2 0.0176
14027.2 0.0175
13775 0.0174
13524.8 0.0173
13276.4 0.0172
13030.1 0.0171
12785.6 0.017
12543.2 0.0169
12302.7 0.0168
12064.2 0.0167
11827.8 0.0166
11593.3 0.0165
11360.8 0.0164
11130.4 0.0163
10901.9 0.0162
10675.4 0.0161
10450.9 0.016
10228.3 0.0159
10007.8 0.0158
9789.17 0.0157
9572.51 0.0156
9357.78 0.0155
9144.98 0.0154
8934.09 0.0153
8725.1 0.0152
8518 0.0151
8312.76 0.015
8109.39 0.0149
7907.86 0.0148
7708.16 0.0147
7510.27 0.0146
7314.18 0.0145
7119.87 0.0144
6927.34 0.0143
6736.55 0.0142
6547.5 0.0141
6360.17 0.014
6174.54 0.0139
5990.61 0.0138
5808.34 0.0137
5627.73 0.0136
5448.76 0.0135
5271.41 0.0134
5095.67 0.0133
4921.52 0.0132
4748.95 0.0131
4577.94 0.013
4408.47 0.0129
4240.52 0.0128
4074.09 0.0127
3909.15 0.0126
3745.7 0.0125
3583.71 0.0124
3423.16 0.0123
3264.05 0.0122
3106.36 0.0121
2950.08 0.012
2795.18 0.0119
2641.65 0.0118
2489.48 0.0117
2338.66 0.0116
2189.16 0.0115
2040.98 0.0114
1894.1 0.0113
1748.51 0.0112
1604.19 0.0111
1461.12 0.011
1319.3 0.0109
1178.71 0.0108
1039.34 0.0107
901.176 0.0106
764.199 0.0105
628.4 0.0104
493.765 0.0103
360.282 0.0102
227.938 0.0101
96.7207 0.01
-33.3827 0.0099
-162.384 0.0098
-290.296 0.0097
-417.131 0.0096
-542.9 0.0095
-667.614 0.0094
-791.287 0.0093
-913.928 0.0092
-1035.55 0.0091
-1156.16 0.009
-1275.78 0.0089
-1394.41 0.0088
-1512.06 0.0087
-1628.75 0.0086
-1744.49 0.0085
-1859.28 0.0084
-1973.14 0.0083
-2086.08 0.0082
-2198.1 0.0081
-2309.22 0.008
-2419.44 0.0079
-2528.79 0.0078
-2637.25 0.0077
-2744.86 0.0076
-2851.61 0.0075
-2957.51 0.0074
-3062.57 0.0073
-3166.81 0.0072
-3270.23 0.0071
-3372.84 0.007
-3474.65 0.0069
-3575.67 0.0068
-3675.9 0.0067
-3775.35 0.0066
-3874.04 0.0065
-3971.97 0.0064
-4069.15 0.0063
-4165.58 0.0062
-4261.28 0.0061
-4356.25 0.006
-4450.51 0.0059
-4544.05 0.0058
-4636.88 0.0057
-4729.02 0.0056
-4820.47 0.0055
-4911.23 0.0054
-5001.32 0.0053
-5090.74 0.0052
-5179.5 0.0051
-5267.61 0.005
-5355.07 0.0049
-5441.88 0.0048
-5528.06 0.0047
-5613.62 0.0046
-5698.55 0.0045
-5782.87 0.0044
-5866.58 0.0043
-5949.68 0.0042
-6032.19 0.0041
-6114.11 0.004
-6195.45 0.0039
-6276.2 0.0038
-6356.39 0.0037
-6436 0.0036
-6515.06 0.0035
-6593.56 0.0034
-6671.51 0.0033
-6748.92 0.0032
-6825.79 0.0031
-6902.13 0.003
-6977.94 0.0029
-7053.22 0.0028
-7127.99 0.0027
-7202.24 0.0026
-7275.99 0.0025
-7349.24 0.0024
-7421.98 0.0023
-7494.24 0.0022
-7566.01 0.0021
-7637.29 0.002
-7708.1 0.0019
-7778.43 0.0018
-7848.3 0.0017
-7917.7 0.0016
-7986.64 0.0015
-8055.13 0.0014
-8123.16 0.0013
-8190.75 0.0012
-8257.89 0.0011
-8324.6 0.001
-8390.87 0.0009
-8456.72 0.0008
-8522.14 0.0007
-8587.13 0.0006
-8651.71 0.0005
-8715.88 0.0004
-8779.63 0.0003
-8842.98 0.0002
-8905.93 0.0001
-8968.47 2.43945e-19
-9030.63 -0.0001
-9092.39 -0.0002
-9153.77 -0.0003
-9214.76 -0.0004
-9275.37 -0.0005
-9335.61 -0.0006
-9395.47 -0.0007
-9454.96 -0.0008
-9514.09 -0.0009
-9572.85 -0.001
-9631.25 -0.0011
-9689.3 -0.0012
-9747 -0.0013
-9804.34 -0.0014
-9861.34 -0.0015
-9917.99 -0.0016
-9974.3 -0.0017
-10030.3 -0.0018
-10085.9 -0.0019
-10141.2 -0.002
-10196.2 -0.0021
-10250.9 -0.0022
-10305.2 -0.0023
-10359.2 -0.0024
-10412.9 -0.0025
-10466.3 -0.0026
-10519.4 -0.0027
-10572.1 -0.0028
-10624.6 -0.0029
-10676.7 -0.003
-10728.6 -0.0031
-10780.2 -0.0032
-10831.4 -0.0033
-10882.4 -0.0034
-10933.1 -0.0035
-10983.4 -0.0036
-11033.5 -0.0037
-11083.4 -0.0038
-11132.9 -0.0039
-11182.2 -0.004
-11231.2 -0.0041
-11279.9 -0.0042
-11328.3 -0.0043
-11376.5 -0.0044
-11424.4 -0.0045
-11472.1 -0.0046
-11519.4 -0.0047
-11566.6 -0.0048
-11613.4 -0.0049
-11660 -0.005
-11706.4 -0.0051
-11752.5 -0.0052
-11798.4 -0.0053
-11844 -0.0054
-11889.3 -0.0055
-11934.5 -0.0056
-11979.3 -0.0057
-12024 -0.0058
-12068.4 -0.0059
-12112.6 -0.006
-12156.5 -0.0061
-12200.2 -0.0062
-12243.7 -0.0063
-12287 -0.0064
-12330 -0.0065
-12372.8 -0.0066
-12415.4 -0.0067
-12457.7 -0.0068
-12499.9 -0.0069
-12541.8 -0.007
-12583.5 -0.0071
-12625 -0.0072
-12666.3 -0.0073
-12707.4 -0.0074
-12748.3 -0.0075
-12788.9 -0.0076
-12829.4 -0.0077
-12869.6 -0.0078
-12909.7 -0.0079
-12949.5 -0.008
-12989.2 -0.0081
-13028.7 -0.0082
-13067.9 -0.0083
-13107 -0.0084
-13145.9 -0.0085
-13184.6 -0.0086
-13223.1 -0.0087
-13261.4 -0.0088
-13299.5 -0.0089
-13337.5 -0.009
-13375.2 -0.0091
-13412.8 -0.0092
-13450.2 -0.0093
-13487.4 -0.0094
-13524.4 -0.0095
-13561.3 -0.0096
-13598 -0.0097
-13634.5 -0.0098
-13670.8 -0.0099
-13707 -0.01
-13743 -0.0101
-13778.8 -0.0102
-13814.5 -0.0103
-13850 -0.0104
-13885.3 -0.0105
-13920.5 -0.0106
-13955.5 -0.0107
-13990.4 -0.0108
-14025 -0.0109
-14059.6 -0.011
-14093.9 -0.0111
-14128.1 -0.0112
-14162.2 -0.0113
-14196.1 -0.0114
-14229.9 -0.0115
-14263.4 -0.0116
-14296.9 -0.0117
-14330.2 -0.0118
-14363.3 -0.0119
-14396.3 -0.012
-14429.2 -0.0121
-14461.9 -0.0122
-14494.5 -0.0123
-14526.9 -0.0124
-14559.2 -0.0125
-14591.3 -0.0126
-14623.3 -0.0127
-14655.2 -0.0128
-14686.9 -0.0129
-14718.5 -0.013
-14749.9 -0.0131
-14781.2 -0.0132
-14812.4 -0.0133
-14843.4 -0.0134
-14874.3 -0.0135
-14905.1 -0.0136
-14935.8 -0.0137
-14966.3 -0.0138
-14996.7 -0.0139
-15026.9 -0.014
-15057.1 -0.0141
-15087.1 -0.0142
-15117 -0.0143
-15146.7 -0.0144
-15176.3 -0.0145
-15205.9 -0.0146
-15235.2 -0.0147
-15264.5 -0.0148
-15293.7 -0.0149
-15322.7 -0.015
-15351.6 -0.0151
-15380.4 -0.0152
-15409.1 -0.0153
-15437.6 -0.0154
-15466.1 -0.0155
-15494.4 -0.0156
-15522.6 -0.0157
-15550.7 -0.0158
-15578.7 -0.0159
-15606.6 -0.016
-15634.3 -0.0161
-15662 -0.0162
-15689.5 -0.0163
-15717 -0.0164
-15744.3 -0.0165
-15771.5 -0.0166
-15798.7 -0.0167
-15825.7 -0.0168
-15852.6 -0.0169
-15879.4 -0.017
-15906.1 -0.0171
-15932.7 -0.0172
-15959.2 -0.0173
-15985.6 -0.0174
-16011.8 -0.0175
-16038 -0.0176
-16064.1 -0.0177
-16090.1 -0.0178
-16116 -0.0179
-16141.8 -0.018
-16167.5 -0.0181
-15905.5 -0.018
-15644.7 -0.0179
-15385.5 -0.0178
-15127.9 -0.0177
-14872.1 -0.0176
-14618 -0.0175
-14365.8 -0.0174
-14115.5 -0.0173
-13867 -0.0172
-13620.5 -0.0171
-13375.9 -0.017
-13133.2 -0.0169
-12892.6 -0.0168
-12653.9 -0.0167
-12417.1 -0.0166
-12182.4 -0.0165
-11949.6 -0.0164
-11718.8 -0.0163
-11490 -0.0162
-11263.1 -0.0161
-11038.2 -0.016
-10815.3 -0.0159
-10594.3 -0.0158
-10375.2 -0.0157
-10158.1 -0.0156
-9942.84 -0.0155
-9729.52 -0.0154
-9518.09 -0.0153
-9308.54 -0.0152
-9100.85 -0.0151
-8895.02 -0.015
-8691.03 -0.0149
-8488.86 -0.0148
-8288.5 -0.0147
-8089.94 -0.0146
-7893.16 -0.0145
-7698.14 -0.0144
-7504.88 -0.0143
-7313.35 -0.0142
-7123.54 -0.0141
-6935.43 -0.014
-6749.02 -0.0139
-6564.27 -0.0138
-6381.18 -0.0137
-6199.74 -0.0136
-6019.92 -0.0135
-5841.71 -0.0134
-5665.09 -0.0133
-5490.05 -0.0132
-5316.58 -0.0131
-5144.65 -0.013
-4974.25 -0.0129
-4805.37 -0.0128
-4637.99 -0.0127
-4472.09 -0.0126
-4307.66 -0.0125
-4144.69 -0.0124
-3983.15 -0.0123
-3823.04 -0.0122
-3664.34 -0.0121
-3507.03 -0.012
-3351.1 -0.0119
-3196.54 -0.0118
-3043.33 -0.0117
-2891.45 -0.0116
-2740.89 -0.0115
-2591.64 -0.0114
-2443.69 -0.0113
-2297.01 -0.0112
-2151.6 -0.0111
-2007.44 -0.011
-1864.52 -0.0109
-1722.82 -0.0108
-1582.34 -0.0107
-1443.05 -0.0106
-1304.95 -0.0105
-1168.02 -0.0104
-1032.25 -0.0103
-897.63 -0.0102
-764.143 -0.0101
-631.779 -0.01
-500.525 -0.0099
-370.369 -0.0098
-241.299 -0.0097
-113.304 -0.0096
13.6292 -0.0095
139.511 -0.0094
264.353 -0.0093
388.168 -0.0092
510.964 -0.0091
632.755 -0.009
753.551 -0.0089
873.363 -0.0088
992.2 -0.0087
1110.08 -0.0086
1227 -0.0085
1342.98 -0.0084
1458.02 -0.0083
1572.15 -0.0082
1685.36 -0.0081
1797.67 -0.008
1909.09 -0.0079
2019.63 -0.0078
2129.29 -0.0077
2238.09 -0.0076
2346.03 -0.0075
2453.13 -0.0074
2559.39 -0.0073
2664.82 -0.0072
2769.43 -0.0071
2873.23 -0.007
2976.24 -0.0069
3078.44 -0.0068
3179.87 -0.0067
3280.51 -0.0066
3380.39 -0.0065
3479.51 -0.0064
3577.88 -0.0063
3675.5 -0.0062
3772.39 -0.0061
3868.54 -0.006
3963.98 -0.0059
4058.7 -0.0058
4152.72 -0.0057
4246.04 -0.0056
4338.67 -0.0055
4430.61 -0.0054
4521.87 -0.0053
4612.47 -0.0052
4702.4 -0.0051
4791.67 -0.005
4880.3 -0.0049
4968.28 -0.0048
5055.63 -0.0047
5142.34 -0.0046
5228.43 -0.0045
5313.91 -0.0044
5398.77 -0.0043
5483.03 -0.0042
5566.69 -0.0041
5649.76 -0.004
5732.24 -0.0039
5814.14 -0.0038
5895.47 -0.0037
5976.23 -0.0036
6056.42 -0.0035
6136.06 -0.0034
6215.14 -0.0033
6293.68 -0.0032
6371.67 -0.0031
6449.13 -0.003
6526.06 -0.0029
6602.46 -0.0028
6678.35 -0.0027
6753.71 -0.0026
6828.57 -0.0025
6902.92 -0.0024
6976.78 -0.0023
7050.13 -0.0022
7123 -0.0021
7195.38 -0.002
7267.28 -0.0019
7338.7 -0.0018
7409.66 -0.0017
7480.14 -0.0016
7550.16 -0.0015
7619.72 -0.0014
7688.83 -0.0013
7757.49 -0.0012
7825.71 -0.0011
7893.48 -0.001
7960.81 -0.0009
8027.72 -0.0008
8094.19 -0.0007
8160.24 -0.0006
8225.87 -0.0005
8291.08 -0.0004
8355.88 -0.0003
8420.27 -0.0002
8484.25 -0.0001
8547.84 -2.43945e-19
8611.02 0.0001
8673.81 0.0002
8736.21 0.0003
8798.23 0.0004
8859.86 0.0005
8921.11 0.0006
8981.98 0.0007
9042.48 0.0008
9102.61 0.0009
9162.38 0.001
9221.78 0.0011
9280.82 0.0012
9339.51 0.0013
9397.84 0.0014
9455.83 0.0015
9513.47 0.0016
9570.76 0.0017
9627.71 0.0018
9684.33 0.0019
9740.61 0.002
9796.55 0.0021
9852.17 0.0022
9907.47 0.0023
9962.44 0.0024
10017.1 0.0025
10071.4 0.0026
10125.4 0.0027
10179.2 0.0028
10232.6 0.0029
10285.6 0.003
10338.4 0.0031
10390.9 0.0032
10443.1 0.0033
10495 0.0034
10546.6 0.0035
10597.9 0.0036
10648.9 0.0037
10699.7 0.0038
10750.1 0.0039
10800.3 0.004
10850.2 0.0041
10899.8 0.0042
10949.1 0.0043
10998.2 0.0044
11047 0.0045
11095.5 0.0046
11143.8 0.0047
11191.8 0.0048
11239.6 0.0049
11287 0.005
11334.3 0.0051
11381.3 0.0052
11428 0.0053
11474.5 0.0054
11520.7 0.0055
11566.7 0.0056
11612.4 0.0057
11657.9 0.0058
11703.2 0.0059
11748.2 0.006
11793 0.0061
11837.5 0.0062
11881.8 0.0063
11925.9 0.0064
11969.8 0.0065
12013.4 0.0066
12056.8 0.0067
12100 0.0068
12143 0.0069
12185.7 0.007
12228.2 0.0071
12270.5 0.0072
12312.6 0.0073
12354.5 0.0074
12396.2 0.0075
12437.7 0.0076
12478.9 0.0077
12520 0.0078
12560.8 0.0079
12601.5 0.008
12641.9 0.0081
12682.1 0.0082
12722.2 0.0083
12762 0.0084
12801.7 0.0085
12841.1 0.0086
12880.4 0.0087
12919.5 0.0088
12958.4 0.0089
12997.1 0.009
13035.6 0.0091
13073.9 0.0092
13112.1 0.0093
13150 0.0094
13187.8 0.0095
13225.4 0.0096
13262.9 0.0097
13300.1 0.0098
13337.2 0.0099
13374.1 0.01
13410.8 0.0101
13447.4 0.0102
13483.8 0.0103
13520 0.0104
13556.1 0.0105
13591.9 0.0106
13627.7 0.0107
13663.2 0.0108
13698.6 0.0109
13733.9 0.011
13768.9 0.0111
13803.8 0.0112
13838.6 0.0113
13873.2 0.0114
13907.7 0.0115
13941.9 0.0116
13976.1 0.0117
14010.1 0.0118
14043.9 0.0119
14077.6 0.012
14111.1 0.0121
14144.5 0.0122
14177.8 0.0123
14210.8 0.0124
14243.8 0.0125
14276.6 0.0126
14309.3 0.0127
14341.8 0.0128
14374.2 0.0129
14406.4 0.013
14438.5 0.0131
14470.5 0.0132
14502.3 0.0133
14534 0.0134
14565.6 0.0135
14597 0.0136
14628.3 0.0137
14659.4 0.0138
14690.5 0.0139
14721.4 0.014
14752.1 0.0141
14782.8 0.0142
14813.3 0.0143
14843.7 0.0144
14873.9 0.0145
14904.1 0.0146
14934.1 0.0147
14964 0.0148
14993.7 0.0149
15023.4 0.015
15052.9 0.0151
15082.3 0.0152
15111.6 0.0153
15140.8 0.0154
15169.8 0.0155
15198.7 0.0156
15227.6 0.0157
15256.3 0.0158
15284.8 0.0159
15313.3 0.016
15341.7 0.0161
15369.9 0.0162
15398.1 0.0163
15426.1 0.0164
15454 0.0165
15481.8 0.0166
15509.5 0.0167
15537.1 0.0168
15564.6 0.0169
15592 0.017
15619.2 0.0171
15646.4 0.0172
15673.5 0.0173
15700.4 0.0174
15727.3 0.0175
15754 0.0176
15780.7 0.0177
15807.2 0.0178
15833.7 0.0179
15860 0.018
15886.3 0.0181
15912.4 0.0182
15938.5 0.0183
15964.5 0.0184
15990.3 0.0185
16016.1 0.0186
16041.8 0.0187
16067.3 0.0188
16092.8 0.0189
16118.2 0.019
16143.5 0.0191
16168.7 0.0192
16193.8 0.0193
16218.8 0.0194
16243.8 0.0195
16268.6 0.0196
16293.3 0.0197
16318 0.0198
16342.6 0.0199
16367.1 0.02
16391.5 0.0201
16415.8 0.0202
16440 0.0203
16464.1 0.0204
16488.2 0.0205
16512.2 0.0206
16536 0.0207
16559.8 0.0208
16583.6 0.0209
16607.2 0.021
16630.8 0.0211
16654.2 0.0212
16677.6 0.0213
16700.9 0.0214
16724.2 0.0215
16747.3 0.0216
16770.4 0.0217
16793.4 0.0218
16816.3 0.0219
16839.1 0.022
16861.9 0.0221
16884.6 0.0222
16907.2 0.0223
16929.7 0.0224
16952.2 0.0225
16974.5 0.0226
16996.8 0.0227
17019.1 0.0228
17041.2 0.0229
17063.3 0.023
17085.3 0.0231
17107.3 0.0232
17129.1 0.0233
17150.9 0.0234
17172.6 0.0235
17194.3 0.0236
17215.9 0.0237
17237.4 0.0238
17258.8 0.0239
17280.2 0.024
17301.5 0.0241
17322.8 0.0242
17343.9 0.0243
17365 0.0244
17386.1 0.0245
17407 0.0246
17427.9 0.0247
17448.8 0.0248
17469.5 0.0249
17490.3 0.025
17510.9 0.0251
17531.5 0.0252
17552 0.0253
17572.4 0.0254
17592.8 0.0255
17613.1 0.0256
17633.4 0.0257
17653.6 0.0258
17673.7 0.0259
17693.8 0.026
17713.8 0.0261
17733.8 0.0262
17753.6 0.0263
17773.5 0.0264
17793.2 0.0265
17813 0.0266
17832.6 0.0267
17852.2 0.0268
17871.7 0.0269
17891.2 0.027
17910.6 0.0271
17648.6 0.027
17387.8 0.0269
17128.5 0.0268
16870.7 0.0267
16614.7 0.0266
16360.4 0.0265
16107.8 0.0264
15857.1 0.0263
15608.2 0.0262
15361.1 0.0261
15116 0.026
14872.7 0.0259
14631.3 0.0258
14391.9 0.0257
14154.3 0.0256
13918.7 0.0255
13685 0.0254
13453.2 0.0253
13223.3 0.0252
12995.3 0.0251
12769.3 0.025
12545.1 0.0249
12322.8 0.0248
12102.4 0.0247
11883.9 0.0246
11667.2 0.0245
11452.4 0.0244
11239.4 0.0243
11028.3 0.0242
10819 0.0241
10611.5 0.024
10405.7 0.0239
10201.8 0.0238
9999.62 0.0237
9799.2 0.0236
9600.51 0.0235
9403.56 0.0234
9208.31 0.0233
9014.77 0.0232
8822.9 0.0231
8632.71 0.023
8444.16 0.0229
8257.26 0.0228
8071.98 0.0227
7888.3 0.0226
7706.23 0.0225
7525.73 0.0224
7346.8 0.0223
7169.41 0.0222
6993.56 0.0221
6819.24 0.022
6646.41 0.0219
6475.08 0.0218
6305.22 0.0217
6136.83 0.0216
5969.88 0.0215
5804.37 0.0214
5640.27 0.0213
5477.57 0.0212
5316.27 0.0211
5156.34 0.021
4997.77 0.0209
4840.55 0.0208
4684.67 0.0207
4530.1 0.0206
4376.84 0.0205
4224.87 0.0204
4074.19 0.0203
3924.76 0.0202
3776.59 0.0201
3629.66 0.02
3483.96 0.0199
3339.47 0.0198
3196.19 0.0197
3054.09 0.0196
2913.17 0.0195
2773.41 0.0194
2634.8 0.0193
2497.33 0.0192
2360.99 0.0191
2225.77 0.019
2091.65 0.0189
1958.62 0.0188
1826.67 0.0187
1695.79 0.0186
1565.97 0.0185
1437.2 0.0184
1309.46 0.0183
1182.75 0.0182
1057.05 0.0181
932.35 0.018
808.648 0.0179
685.927 0.0178
564.178 0.0177
443.392 0.0176
323.556 0.0175
204.663 0.0174
86.7015 0.0173
-30.3381 0.0172
-146.465 0.0171
-261.69 0.017
-376.02 0.0169
-489.467 0.0168
-602.039 0.0167
-713.746 0.0166
-824.595 0.0165
-934.597 0.0164
-1043.76 0.0163
-1152.09 0.0162
-1259.6 0.0161
-1366.3 0.016
-1472.19 0.0159
-1577.29 0.0158
-1681.6 0.0157
-1785.13 0.0156
-1887.88 0.0155
-1989.88 0.0154
-2091.11 0.0153
-2191.6 0.0152
-2291.34 0.0151
-2390.36 0.015
-2488.64 0.0149
-2586.21 0.0148
-2683.07 0.0147
-2779.22 0.0146
-2874.68 0.0145
-2969.45 0.0144
-3063.53 0.0143
-3156.94 0.0142
-3249.67 0.0141
-3341.75 0.014
-3433.17 0.0139
-3523.94 0.0138
-3614.07 0.0137
-3703.56 0.0136
-3792.42 0.0135
-3880.66 0.0134
-3968.28 0.0133
-4055.29 0.0132
-4141.69 0.0131
-4227.49 0.013
-4312.7 0.0129
-4397.32 0.0128
-4481.36 0.0127
-4564.83 0.0126
-4647.72 0.0125
-4730.05 0.0124
-4811.82 0.0123
-4893.03 0.0122
-4973.7 0.0121
-5053.82 0.012
-5133.4 0.0119
-5212.45 0.0118
-5290.97 0.0117
-5368.97 0.0116
-5446.45 0.0115
-5523.42 0.0114
-5599.88 0.0113
-5675.84 0.0112
-5751.3 0.0111
-5826.26 0.011
-5900.74 0.0109
-5974.73 0.0108
-6048.24 0.0107
-6121.28 0.0106
-6193.84 0.0105
-6265.94 0.0104
-6337.58 0.0103
-6408.76 0.0102
-6479.48 0.0101
-6549.76 0.01
-6619.59 0.0099
-6688.98 0.0098
-6757.93 0.0097
-6826.45 0.0096
-6894.54 0.0095
-6962.2 0.0094
-7029.45 0.0093
-7096.27 0.0092
-7162.69 0.0091
-7228.69 0.009
-7294.29 0.0089
-7359.48 0.0088
-7424.28 0.0087
-7488.68 0.0086
-7552.69 0.0085
-7616.31 0.0084
-7679.55 0.0083
-7742.4 0.0082
-7804.88 0.0081
-7866.98 0.008
-7928.72 0.0079
-7990.08 0.0078
-8051.08 0.0077
-8111.72 0.0076
-8172 0.0075
-8231.93 0.0074
-8291.5 0.0073
-8350.72 0.0072
-8409.6 0.0071
-8468.14 0.007
-8526.34 0.0069
-8584.19 0.0068
-8641.72 0.0067
-8698.92 0.0066
-8755.78 0.0065
-8812.32 0.0064
-8868.54 0.0063
-8924.44 0.0062
-8980.02 0.0061
-9035.29 0.006
-9090.25 0.0059
-9144.89 0.0058
-9199.23 0.0057
-9253.27 0.0056
-9307.01 0.0055
-9360.44 0.0054
-9413.58 0.0053
-9466.43 0.0052
-9518.99 0.0051
-9571.25 0.005
-9623.23 0.0049
-9674.93 0.0048
-9726.34 0.0047
-9777.48 0.0046
-9828.34 0.0045
-9878.92 0.0044
-9929.23 0.0043
-9979.27 0.0042
-10029 0.0041
-10078.6 0.004
-10127.8 0.0039
-10176.8 0.0038
-10225.5 0.0037
-10274 0.0036
-10322.2 0.0035
-10370.1 0.0034
-10417.8 0.0033
-10465.3 0.0032
-10512.5 0.0031
-10559.5 0.003
-10606.2 0.0029
-10652.7 0.0028
-10698.9 0.0027
-10744.9 0.0026
-10790.7 0.0025
-10836.2 0.0024
-10881.5 0.0023
-10926.6 0.0022
-10971.4 0.0021
-11016 0.002
-11060.4 0.0019
-11104.6 0.0018
-11148.6 0.0017
-11192.3 0.0016
-11235.8 0.0015
-11279.1 0.0014
-11322.2 0.0013
-11365.1 0.0012
-11407.7 0.0011
-11450.2 0.001
-11492.4 0.0009
-11534.4 0.0008
-11576.3 0.0007
-11617.9 0.0006
-11659.3 0.0005
-11700.5 0.0004
-11741.6 0.0003
-11782.4 0.0002
-11823 0.0001
-11863.5 2.43945e-19
-11903.7 -0.0001
-11943.8 -0.0002
-11983.6 -0.0003
-12023.3 -0.0004
-12062.8 -0.0005
-12102.1 -0.0006
-12141.2 -0.0007
-12180.2 -0.0008
-12218.9 -0.0009
-12257.5 -0.001
-12295.9 -0.0011
-12334.1 -0.0012
-12372.2 -0.0013
-12410 -0.0014
-12447.7 -0.0015
-12485.3 -0.0016
-12522.6 -0.0017
-12559.8 -0.0018
-12596.8 -0.0019
-12633.7 -0.002
-12670.3 -0.0021
-12706.9 -0.0022
-12743.2 -0.0023
-12779.4 -0.0024
-12815.4 -0.0025
-12851.3 -0.0026
-12887 -0.0027
-12922.6 -0.0028
-12958 -0.0029
-12993.2 -0.003
-13028.3 -0.0031
-13063.2 -0.0032
-13098 -0.0033
-13132.6 -0.0034
-13167.1 -0.0035
-13201.4 -0.0036
-13235.6 -0.0037
-13269.6 -0.0038
-13303.5 -0.0039
-13337.3 -0.004
-13370.9 -0.0041
-13404.3 -0.0042
-13437.6 -0.0043
-13470.8 -0.0044
-13503.8 -0.0045
-13536.7 -0.0046
-13569.5 -0.0047
-13602.1 -0.0048
-13634.6 -0.0049
-13666.9 -0.005
-13699.1 -0.0051
-13731.2 -0.0052
-13763.1 -0.0053
-13794.9 -0.0054
-13826.6 -0.0055
-13858.2 -0.0056
-13889.6 -0.0057
-13920.9 -0.0058
-13952 -0.0059
-13983.1 -0.006
-14014 -0.0061
-14044.8 -0.0062
-14075.4 -0.0063
-14106 -0.0064
-14136.4 -0.0065
-14166.7 -0.0066
-14196.9 -0.0067
-14226.9 -0.0068
-14256.9 -0.0069
-14286.7 -0.007
-14316.4 -0.0071
-14346 -0.0072
-14375.4 -0.0073
-14404.8 -0.0074
-14434 -0.0075
-14463.1 -0.0076
-14492.1 -0.0077
-14521 -0.0078
-14549.8 -0.0079
-14578.5 -0.008
-14607.1 -0.0081
-14635.5 -0.0082
-14663.9 -0.0083
-14692.1 -0.0084
-14720.2 -0.0085
-14748.3 -0.0086
-14776.2 -0.0087
-14804 -0.0088
-14831.7 -0.0089
-14859.3 -0.009
-14886.8 -0.0091
-14914.2 -0.0092
-14941.5 -0.0093
-14968.7 -0.0094
-14995.8 -0.0095
-15022.8 -0.0096
-15049.7 -0.0097
-15076.4 -0.0098
-15103.1 -0.0099
-15129.7 -0.01
-15156.2 -0.0101
-15182.6 -0.0102
-15209 -0.0103
-15235.2 -0.0104
-15261.3 -0.0105
-15287.3 -0.0106
-15313.2 -0.0107
-15339.1 -0.0108
-15364.8 -0.0109
-15390.5 -0.011
-15416 -0.0111
-15441.5 -0.0112
-15466.9 -0.0113
-15492.2 -0.0114
-15517.4 -0.0115
-15542.5 -0.0116
-15567.5 -0.0117
-15592.5 -0.0118
-15617.3 -0.0119
-15642.1 -0.012
-15666.8 -0.0121
-15691.3 -0.0122
-15715.9 -0.0123
-15740.3 -0.0124
-15764.6 -0.0125
-15788.9 -0.0126
-15813 -0.0127
-15837.1 -0.0128
-15861.2 -0.0129
-15885.1 -0.013
-15908.9 -0.0131
-15932.7 -0.0132
-15956.4 -0.0133
-15980 -0.0134
-16003.5 -0.0135
-16027 -0.0136
-16050.3 -0.0137
-16073.6 -0.0138
-16096.8 -0.0139
-16120 -0.014
-16143.1 -0.0141
-16166 -0.0142
-16189 -0.0143
-16211.8 -0.0144
-16234.6 -0.0145
-16257.2 -0.0146
-16279.9 -0.0147
-16302.4 -0.0148
-16324.9 -0.0149
-16347.3 -0.015
-16369.6 -0.0151
-16391.8 -0.0152
-16414 -0.0153
-16436.1 -0.0154
-16458.2 -0.0155
-16480.1 -0.0156
-16502 -0.0157
-16523.9 -0.0158
-16545.6 -0.0159
-16567.3 -0.016
-16589 -0.0161
-16610.5 -0.0162
-16632 -0.0163
-16653.4 -0.0164
-16674.8 -0.0165
-16696.1 -0.0166
-16717.3 -0.0167
-16738.5 -0.0168
-16759.6 -0.0169
-16780.6 -0.017
-16801.5 -0.0171
-16822.4 -0.0172
-16843.3 -0.0173
-16864.1 -0.0174
-16884.8 -0.0175
-16905.4 -0.0176
-16926 -0.0177
-16946.5 -0.0178
-16967 -0.0179
-16987.4 -0.018
-17007.7 -0.0181
-17028 -0.0182
-17048.2 -0.0183
-17068.4 -0.0184
-17088.5 -0.0185
-17108.5 -0.0186
-17128.5 -0.0187
-17148.4 -0.0188
-17168.3 -0.0189
-17188.1 -0.019
-17207.9 -0.0191
-17227.6 -0.0192
-17247.2 -0.0193
-17266.8 -0.0194
-17286.3 -0.0195
-17305.8 -0.0196
-17325.2 -0.0197
-17344.5 -0.0198
-17363.8 -0.0199
-17383.1 -0.02
-17402.2 -0.0201
-17421.4 -0.0202
-17440.5 -0.0203
-17459.5 -0.0204
-17478.5 -0.0205
-17497.4 -0.0206
-17516.2 -0.0207
-17535.1 -0.0208
-17553.8 -0.0209
-17572.5 -0.021
-17591.2 -0.0211
-17609.8 -0.0212
-17628.3 -0.0213
-17646.8 -0.0214
-17665.3 -0.0215
-17683.7 -0.0216
-17702 -0.0217
-17720.3 -0.0218
-17738.6 -0.0219
-17756.8 -0.022
-17774.9 -0.0221
-17793 -0.0222
-17811.1 -0.0223
-17829.1 -0.0224
-17847.1 -0.0225
-17865 -0.0226
-17882.8 -0.0227
-17900.6 -0.0228
-17918.4 -0.0229
-17936.1 -0.023
-17953.8 -0.0231
-17971.4 -0.0232
-17989 -0.0233
-18006.5 -0.0234
-18024 -0.0235
-18041.5 -0.0236
-18058.9 -0.0237
-18076.2 -0.0238
-18093.5 -0.0239
-18110.8 -0.024
-18128 -0.0241
-18145.2 -0.0242
-18162.3 -0.0243
-18179.4 -0.0244
-18196.4 -0.0245
-18213.4 -0.0246
-18230.3 -0.0247
-18247.3 -0.0248
-18264.1 -0.0249
-18280.9 -0.025
-18297.7 -0.0251
-18314.5 -0.0252
-18331.2 -0.0253
-18347.8 -0.0254
-18364.4 -0.0255
-18381 -0.0256
-18397.5 -0.0257
-18414 -0.0258
-18430.5 -0.0259
-18446.9 -0.026
-18463.3 -0.0261
-18479.6 -0.0262
-18495.9 -0.0263
-18512.1 -0.0264
-18528.3 -0.0265
-18544.5 -0.0266
-18560.6 -0.0267
-18576.7 -0.0268
-18592.8 -0.0269
-18608.8 -0.027
-18624.7 -0.0271
-18362.7 -0.027
-18101.9 -0.0269
-17842.5 -0.0268
-17584.7 -0.0267
-17328.6 -0.0266
-17074.1 -0.0265
-16821.4 -0.0264
-16570.5 -0.0263
-16321.3 -0.0262
-16074 -0.0261
-15828.6 -0.026
-15585 -0.0259
-15343.3 -0.0258
-15103.5 -0.0257
-14865.5 -0.0256
-14