0 0
262.364 -262.364
524.04 -524.04
784.726 -784.726
1044.2 -1044.2
1302.27 -1302.27
1558.8 -1558.8
1813.64 -1813.64
2066.68 -2066.68
2317.82 -2317.82
2566.95 -2566.95
2814.01 -2814.01
3058.92 -3058.92
3301.6 -3301.6
3542.01 -3542.01
3780.1 -3780.1
4015.81 -4015.81
4249.11 -4249.11
3986.75 -3986.75
3725.02 -3725.02
3464.2 -3464.2
3204.47 -3204.47
2945.98 -2945.98
2688.85 -2688.85
2433.19 -2433.19
2179.09 -2179.09
1926.64 -1926.64
1675.92 -1675.92
1426.99 -1426.99
1179.91 -1179.91
934.732 -934.732
691.504 -691.504
450.27 -450.27
211.066 -211.066
-26.0739 26.0739
-261.121 261.121
-494.049 494.049
-724.836 724.836
-953.464 953.464
-1179.92 1179.92
-1404.18 1404.18
-1626.24 1626.24
-1846.1 1846.1
-2063.74 2063.74
-2279.16 2279.16
-2492.37 2492.37
-2703.35 2703.35
-2912.12 2912.12
-3118.67 3118.67
-3323.02 3323.02
-3525.15 3525.15
-3725.1 3725.1
-3462.82 3462.82
-3201.41 3201.41
-2941.19 2941.19
-2682.34 2682.34
-2425.03 2425.03
-2169.37 2169.37
-1915.48 1915.48
-1663.44 1663.44
-1413.34 1413.34
-1165.24 1165.24
-919.21 919.21
-675.288 675.288
-433.524 433.524
-193.956 193.956
43.3845 -43.3845
278.469 -278.469
511.274 -511.274
741.781 -741.781
969.974 -969.974
1195.84 -1195.84
1419.37 -1419.37
1640.56 -1640.56
1859.41 -1859.41
2075.91 -2075.91
2290.07 -2290.07
2501.88 -2501.88
2711.36 -2711.36
2918.51 -2918.51
3123.34 -3123.34
3325.86 -3325.86
3526.07 -3526.07
3724 -3724
3919.66 -3919.66
4113.05 -4113.05
4304.21 -4304.21
4493.13 -4493.13
4679.85 -4679.85
4864.37 -4864.37
5046.72 -5046.72
5226.91 -5226.91
5404.97 -5404.97
5580.92 -5580.92
5754.77 -5754.77
5926.55 -5926.55
6096.28 -6096.28
6263.98 -6263.98
6429.67 -6429.67
6593.37 -6593.37
6755.11 -6755.11
6914.9 -6914.9
7072.78 -7072.78
7228.76 -7228.76
7382.87 -7382.87
7535.12 -7535.12
7685.54 -7685.54
7834.16 -7834.16
7980.99 -7980.99
8126.06 -8126.06
8269.39 -8269.39
8411 -8411
8550.92 -8550.92
8689.16 -8689.16
8825.75 -8825.75
8960.72 -8960.72
9094.07 -9094.07
9225.84 -9225.84
9356.04 -9356.04
9093.9 -9093.9
8832.91 -8832.91
8573.34 -8573.34
8315.36 -8315.36
8059.07 -8059.07
7804.56 -7804.56
7551.92 -7551.92
7301.19 -7301.19
7052.43 -7052.43
6805.68 -6805.68
6560.97 -6560.97
6318.33 -6318.33
6077.79 -6077.79
5839.35 -5839.35
5603.04 -5603.04
5368.86 -5368.86
5136.82 -5136.82
4906.93 -4906.93
4679.19 -4679.19
4453.6 -4453.6
4230.16 -4230.16
4008.86 -4008.86
3789.7 -3789.7
3572.67 -3572.67
3357.77 -3357.77
3144.99 -3144.99
2934.31 -2934.31
2725.73 -2725.73
2519.22 -2519.22
2314.79 -2314.79
2112.42 -2112.42
1912.08 -1912.08
1713.77 -1713.77
1517.48 -1517.48
1323.18 -1323.18
1130.86 -1130.86
940.497 -940.497
752.084 -752.084
565.599 -565.599
381.024 -381.024
198.342 -198.342
17.5347 -17.5347
-161.416 161.416
-338.529 338.529
-513.822 513.822
-687.314 687.314
-859.024 859.024
-1028.97 1028.97
-1197.17 1197.17
-1363.64 1363.64
-1528.41 1528.41
-1691.49 1691.49
-1852.9 1852.9
-2012.65 2012.65
-2170.77 2170.77
-2327.28 2327.28
-2482.19 2482.19
-2635.52 2635.52
-2787.29 2787.29
-2937.52 2937.52
-3086.23 3086.23
-3233.42 3233.42
-3379.13 3379.13
-3523.37 3523.37
-3666.16 3666.16
-3807.51 3807.51
-3947.44 3947.44
-4085.97 4085.97
-4223.11 4223.11
-4358.88 4358.88
-4493.3 4493.3
-4626.39 4626.39
-4758.15 4758.15
-4888.61 4888.61
-5017.79 5017.79
-5145.69 5145.69
-5272.34 5272.34
-5397.74 5397.74
-5521.92 5521.92
-5644.88 5644.88
-5766.65 5766.65
-5887.24 5887.24
-6006.66 6006.66
-6124.93 6124.93
-6242.06 6242.06
-6358.07 6358.07
-6472.96 6472.96
-6586.76 6586.76
-6699.47 6699.47
-6811.12 6811.12
-6921.7 6921.7
-7031.25 7031.25
-7139.76 7139.76
-7247.25 7247.25
-7353.73 7353.73
-7459.22 7459.22
-7563.73 7563.73
-7667.27 7667.27
-7769.85 7769.85
-7871.49 7871.49
-7609.42 7609.42
-7348.68 7348.68
-7089.55 7089.55
-6832.2 6832.2
-6576.74 6576.74
-6323.26 6323.26
-6071.84 6071.84
-5822.53 5822.53
-5575.38 5575.38
-5330.42 5330.42
-5087.69 5087.69
-4847.21 4847.21
-4608.99 4608.99
-4373.05 4373.05
-4139.39 4139.39
-3908.04 3908.04
-3678.97 3678.97
-3452.2 3452.2
-3227.73 3227.73
-3005.55 3005.55
-2785.64 2785.64
-2568.01 2568.01
-2352.65 2352.65
-2139.53 2139.53
-1928.66 1928.66
-1720.01 1720.01
-1513.57 1513.57
-1309.33 1309.33
-1107.26 1107.26
-907.362 907.362
-709.604 709.604
-513.971 513.971
-320.445 320.445
-129.006 129.006
60.3661 -60.3661
247.69 -247.69
432.988 -432.988
616.278 -616.278
797.583 -797.583
976.923 -976.923
1154.32 -1154.32
1329.79 -1329.79
1503.37 -1503.37
1675.06 -1675.06
1844.89 -1844.89
2012.89 -2012.89
2179.07 -2179.07
2343.45 -2343.45
2506.06 -2506.06
2666.92 -2666.92
2826.05 -2826.05
2983.46 -2983.46
3139.19 -3139.19
3293.24 -3293.24
3445.65 -3445.65
3596.43 -3596.43
3745.6 -3745.6
3893.19 -3893.19
4039.2 -4039.2
4183.67 -4183.67
4326.6 -4326.6
4468.03 -4468.03
4607.97 -4607.97
4746.44 -4746.44
4883.45 -4883.45
5019.03 -5019.03
5153.2 -5153.2
5285.96 -5285.96
5417.35 -5417.35
5547.38 -5547.38
5676.06 -5676.06
5803.42 -5803.42
5929.46 -5929.46
6054.22 -6054.22
6177.7 -6177.7
6299.92 -6299.92
6420.9 -6420.9
6540.65 -6540.65
6659.19 -6659.19
6776.54 -6776.54
6892.7 -6892.7
7007.7 -7007.7
7121.56 -7121.56
7234.28 -7234.28
7345.88 -7345.88
7456.38 -7456.38
7565.78 -7565.78
7674.11 -7674.11
7781.38 -7781.38
7887.6 -7887.6
7992.78 -7992.78
8096.94 -8096.94
8200.1 -8200.1
8302.25 -8302.25
8403.43 -8403.43
8503.64 -8503.64
8602.88 -8602.88
8701.19 -8701.19
8798.56 -8798.56
8895.01 -8895.01
8990.54 -8990.54
9085.19 -9085.19
9178.94 -9178.94
9271.82 -9271.82
9363.84 -9363.84
9455 -9455
9545.32 -9545.32
9634.81 -9634.81
9723.48 -9723.48
9811.34 -9811.34
9898.39 -9898.39
9984.66 -9984.66
10070.1 -10070.1
10154.9 -10154.9
10238.8 -10238.8
10322 -10322
10404.5 -10404.5
10486.2 -10486.2
10567.2 -10567.2
10647.5 -10647.5
10727.1 -10727.1
10806 -10806
10884.1 -10884.1
10961.7 -10961.7
11038.5 -11038.5
10776.4 -10776.4
10515.7 -10515.7
10256.5 -10256.5
9998.96 -9998.96
9743.26 -9743.26
9489.44 -9489.44
9237.56 -9237.56
8987.67 -8987.67
8739.82 -8739.82
8494.02 -8494.02
8250.31 -8250.31
8008.71 -8008.71
7769.22 -7769.22
7531.87 -7531.87
7296.66 -7296.66
7063.59 -7063.59
6832.66 -6832.66
6603.88 -6603.88
6377.25 -6377.25
6152.75 -6152.75
5930.38 -5930.38
5710.14 -5710.14
5492.02 -5492.02
5276 -5276
5062.08 -5062.08
4850.24 -4850.24
4640.47 -4640.47
4432.76 -4432.76
4227.09 -4227.09
4023.45 -4023.45
3821.82 -3821.82
3622.19 -3622.19
3424.54 -3424.54
3228.85 -3228.85
3035.11 -3035.11
2843.3 -2843.3
2653.4 -2653.4
2465.4 -2465.4
2279.27 -2279.27
2095 -2095
1912.57 -1912.57
1731.95 -1731.95
1553.15 -1553.15
1376.12 -1376.12
1200.86 -1200.86
1027.35 -1027.35
855.569 -855.569
685.496 -685.496
517.114 -517.114
350.404 -350.404
185.349 -185.349
21.9298 -21.9298
-139.872 139.872
-300.074 300.074
-458.694 458.694
-615.752 615.752
-771.263 771.263
-925.247 925.247
-1077.72 1077.72
-1228.7 1228.7
-1378.21 1378.21
-1526.26 1526.26
-1672.86 1672.86
-1818.05 1818.05
-1961.82 1961.82
-2104.21 2104.21
-2245.22 2245.22
-2384.87 2384.87
-2523.18 2523.18
-2660.16 2660.16
-2795.84 2795.84
-2930.22 2930.22
-3063.32 3063.32
-3195.16 3195.16
-3325.75 3325.75
-3455.1 3455.1
-3583.24 3583.24
-3710.17 3710.17
-3835.92 3835.92
-3960.48 3960.48
-4083.89 4083.89
-4206.15 4206.15
-4327.28 4327.28
-4447.28 4447.28
-4566.18 4566.18
-4683.99 4683.99
-4800.71 4800.71
-4916.37 4916.37
-5030.98 5030.98
-5144.54 5144.54
-5257.08 5257.08
-5368.6 5368.6
-5479.11 5479.11
-5588.63 5588.63
-5697.17 5697.17
-5804.74 5804.74
-5911.35 5911.35
-6017.02 6017.02
-6121.75 6121.75
-6225.56 6225.56
-6328.46 6328.46
-6430.45 6430.45
-6531.55 6531.55
-6631.77 6631.77
-6731.12 6731.12
-6829.62 6829.62
-6927.26 6927.26
-7024.06 7024.06
-7120.03 7120.03
-7215.18 7215.18
-7309.52 7309.52
-7403.06 7403.06
-7495.81 7495.81
-7587.77 7587.77
-7678.96 7678.96
-7769.39 7769.39
-7859.06 7859.06
-7947.98 7947.98
-8036.16 8036.16
-8123.62 8123.62
-8210.35 8210.35
-8296.37 8296.37
-8381.69 8381.69
-8466.3 8466.3
-8550.23 8550.23
-8633.48 8633.48
-8716.05 8716.05
-8797.96 8797.96
-8879.21 8879.21
-8959.81 8959.81
-9039.77 9039.77
-9119.09 9119.09
-9197.78 9197.78
-9275.85 9275.85
-9353.3 9353.3
-9430.14 9430.14
-9506.39 9506.39
-9582.04 9582.04
-9657.1 9657.1
-9731.57 9731.57
-9805.48 9805.48
-9878.81 9878.81
-9951.58 9951.58
-10023.8 10023.8
-10095.5 10095.5
-10166.6 10166.6
-10237.2 10237.2
-10307.2 10307.2
-10376.7 10376.7
-10445.7 10445.7
-10183.7 10183.7
-9922.99 9922.99
-9663.89 9663.89
-9406.54 9406.54
-9151.05 9151.05
-8897.48 8897.48
-8645.92 8645.92
-8396.39 8396.39
-8148.94 8148.94
-7903.61 7903.61
-7660.41 7660.41
-7419.37 7419.37
-7180.49 7180.49
-6943.8 6943.8
-6709.28 6709.28
-6476.96 6476.96
-6246.83 6246.83
-6018.88 6018.88
-5793.12 5793.12
-5569.54 5569.54
-5348.13 5348.13
-5128.88 5128.88
-4911.78 4911.78
-4696.83 4696.83
-4484.01 4484.01
-4273.31 4273.31
-4064.71 4064.71
-3858.2 3858.2
-3653.76 3653.76
-3451.38 3451.38
-3251.05 3251.05
-3052.73 3052.73
-2856.43 2856.43
-2662.11 2662.11
-2469.76 2469.76
-2279.37 2279.37
-2090.91 2090.91
-1904.37 1904.37
-1719.72 1719.72
-1536.95 1536.95
-1356.04 1356.04
-1176.97 1176.97
-999.721 999.721
-824.271 824.271
-650.602 650.602
-478.695 478.695
-308.53 308.53
-140.089 140.089
26.6482 -26.6482
191.7 -191.7
355.087 -355.087
516.826 -516.826
676.938 -676.938
835.441 -835.441
992.353 -992.353
1147.69 -1147.69
1301.48 -1301.48
1453.73 -1453.73
1604.47 -1604.47
1753.7 -1753.7
1901.46 -1901.46
2047.75 -2047.75
2192.6 -2192.6
2336.01 -2336.01
2478.02 -2478.02
2618.63 -2618.63
2757.87 -2757.87
2895.74 -2895.74
3032.27 -3032.27
3167.48 -3167.48
3301.37 -3301.37
3433.96 -3433.96
3565.28 -3565.28
3695.33 -3695.33
3824.13 -3824.13
3951.7 -3951.7
4078.05 -4078.05
4203.2 -4203.2
4327.16 -4327.16
4449.94 -4449.94
4571.57 -4571.57
4692.05 -4692.05
4811.4 -4811.4
4929.63 -4929.63
5046.76 -5046.76
5162.79 -5162.79
5277.75 -5277.75
5391.65 -5391.65
5504.49 -5504.49
5616.3 -5616.3
5727.08 -5727.08
5836.84 -5836.84
5945.61 -5945.61
6053.39 -6053.39
6160.19 -6160.19
6266.03 -6266.03
6370.91 -6370.91
6474.85 -6474.85
6577.87 -6577.87
6679.96 -6679.96
6781.15 -6781.15
6881.44 -6881.44
6980.84 -6980.84
7079.37 -7079.37
7177.03 -7177.03
7273.84 -7273.84
7369.8 -7369.8
7464.93 -7464.93
7559.24 -7559.24
7652.73 -7652.73
7745.42 -7745.42
7837.31 -7837.31
7928.41 -7928.41
8018.74 -8018.74
8108.3 -8108.3
8197.1 -8197.1
8285.16 -8285.16
8372.47 -8372.47
8459.05 -8459.05
8544.91 -8544.91
8630.05 -8630.05
8714.48 -8714.48
8798.22 -8798.22
8881.27 -8881.27
8963.63 -8963.63
9045.32 -9045.32
9126.34 -9126.34
9206.7 -9206.7
9286.42 -9286.42
9365.48 -9365.48
9443.91 -9443.91
9521.71 -9521.71
9598.89 -9598.89
9675.46 -9675.46
9751.41 -9751.41
9826.77 -9826.77
9901.52 -9901.52
9975.7 -9975.7
10049.3 -10049.3
10122.3 -10122.3
10194.7 -10194.7
10266.6 -10266.6
10338 -10338
10408.7 -10408.7
10479 -10479
10548.7 -10548.7
10617.8 -10617.8
10686.5 -10686.5
10754.6 -10754.6
10822.2 -10822.2
10889.3 -10889.3
10955.9 -10955.9
11022 -11022
11087.6 -11087.6
11152.7 -11152.7
11217.3 -11217.3
11281.5 -11281.5
11345.2 -11345.2
11408.4 -11408.4
11471.2 -11471.2
11533.5 -11533.5
11595.3 -11595.3
11656.7 -11656.7
11717.7 -11717.7
11778.2 -11778.2
11838.3 -11838.3
11898 -11898
11957.2 -11957.2
12016 -12016
12074.4 -12074.4
12132.4 -12132.4
12190 -12190
12247.2 -12247.2
12304 -12304
12360.4 -12360.4
12416.4 -12416.4
12472 -12472
12527.2 -12527.2
12582.1 -12582.1
12636.6 -12636.6
12690.7 -12690.7
12744.5 -12744.5
12797.8 -12797.8
12850.9 -12850.9
12903.5 -12903.5
12955.9 -12955.9
13007.8 -13007.8
13059.4 -13059.4
13110.7 -13110.7
13161.7 -13161.7
13212.3 -13212.3
13262.6 -13262.6
13312.5 -13312.5
13362.1 -13362.1
13411.4 -13411.4
13460.4 -13460.4
13198.4 -13198.4
12937.7 -12937.7
12678.5 -12678.5
12421 -12421
12165.4 -12165.4
11911.5 -11911.5
11659.6 -11659.6
11409.6 -11409.6
11161.6 -11161.6
10915.6 -10915.6
10671.6 -10671.6
10429.7 -10429.7
10189.8 -10189.8
9951.98 -9951.98
9716.23 -9716.23
9482.54 -9482.54
9250.93 -9250.93
9021.38 -9021.38
8793.89 -8793.89
8568.47 -8568.47
8345.09 -8345.09
8123.76 -8123.76
7904.47 -7904.47
7687.2 -7687.2
7471.95 -7471.95
7258.7 -7258.7
7047.44 -7047.44
6838.16 -6838.16
6630.84 -6630.84
6425.47 -6425.47
6222.03 -6222.03
6020.52 -6020.52
5820.91 -5820.91
5623.19 -5623.19
5427.34 -5427.34
5233.35 -5233.35
5041.19 -5041.19
4850.86 -4850.86
4662.34 -4662.34
4475.6 -4475.6
4290.64 -4290.64
4107.43 -4107.43
3925.96 -3925.96
3746.21 -3746.21
3568.16 -3568.16
3391.8 -3391.8
3217.11 -3217.11
3044.07 -3044.07
2872.66 -2872.66
2702.87 -2702.87
2534.68 -2534.68
2368.07 -2368.07
2203.03 -2203.03
2039.54 -2039.54
1877.58 -1877.58
1717.13 -1717.13
1558.19 -1558.19
1400.72 -1400.72
1244.72 -1244.72
1090.17 -1090.17
937.059 -937.059
785.361 -785.361
635.064 -635.064
486.153 -486.153
338.613 -338.613
192.427 -192.427
47.5802 -47.5802
-95.9421 95.9421
-238.155 238.155
-379.074 379.074
-518.713 518.713
-657.088 657.088
-794.211 794.211
-930.099 930.099
-1064.76 1064.76
-1198.22 1198.22
-1330.49 1330.49
-1461.57 1461.57
-1591.48 1591.48
-1720.25 1720.25
-1847.87 1847.87
-1974.36 1974.36
-2099.74 2099.74
-2224.02 2224.02
-2347.21 2347.21
-2469.32 2469.32
-2590.37 2590.37
-2710.37 2710.37
-2829.32 2829.32
-2947.25 2947.25
-3064.17 3064.17
-3180.07 3180.07
-3294.99 3294.99
-3408.92 3408.92
-3521.88 3521.88
-3633.89 3633.89
-3744.94 3744.94
-3855.06 3855.06
-3964.25 3964.25
-4072.52 4072.52
-4179.88 4179.88
-4286.35 4286.35
-4391.94 4391.94
-4496.65 4496.65
-4600.49 4600.49
-4703.47 4703.47
-4805.61 4805.61
-4906.91 4906.91
-5007.39 5007.39
-5107.04 5107.04
-5205.89 5205.89
-5303.94 5303.94
-5401.19 5401.19
-5497.66 5497.66
-5593.36 5593.36
-5688.29 5688.29
-5782.47 5782.47
-5875.9 5875.9
-5968.58 5968.58
-6060.54 6060.54
-6151.77 6151.77
-6242.28 6242.28
-6332.09 6332.09
-6421.2 6421.2
-6509.61 6509.61
-6597.34 6597.34
-6684.39 6684.39
-6770.77 6770.77
-6856.48 6856.48
-6941.54 6941.54
-7025.95 7025.95
-7109.72 7109.72
-7192.86 7192.86
-7275.36 7275.36
-7357.24 7357.24
-7438.51 7438.51
-7519.17 7519.17
-7599.23 7599.23
-7678.7 7678.7
-7757.57 7757.57
-7835.86 7835.86
-7913.57 7913.57
-7990.72 7990.72
-8067.29 8067.29
-8143.31 8143.31
-8218.78 8218.78
-8293.7 8293.7
-8368.08 8368.08
-8441.92 8441.92
-8515.23 8515.23
-8588.01 8588.01
-8660.28 8660.28
-8732.03 8732.03
-8803.28 8803.28
-8874.02 8874.02
-8944.26 8944.26
-9014 9014
-9083.26 9083.26
-9152.04 9152.04
-9220.34 9220.34
-9288.16 9288.16
-9355.52 9355.52
-9422.41 9422.41
-9488.84 9488.84
-9554.82 9554.82
-9620.34 9620.34
-9685.42 9685.42
-9750.06 9750.06
-9814.26 9814.26
-9878.03 9878.03
-9941.37 9941.37
-10004.3 10004.3
-10066.8 10066.8
-10128.9 10128.9
-10190.5 10190.5
-10251.8 10251.8
-10312.7 10312.7
-10373.1 10373.1
-10433.2 10433.2
-10492.8 10492.8
-10552.1 10552.1
-10611 10611
-10669.5 10669.5
-10727.7 10727.7
-10785.4 10785.4
-10842.8 10842.8
-10899.9 10899.9
-10956.5 10956.5
-11012.8 11012.8
-11068.8 11068.8
-11124.4 11124.4
-11179.6 11179.6
-11234.5 11234.5
-11289.1 11289.1
-11343.3 11343.3
-11397.2 11397.2
-11450.7 11450.7
-11504 11504
-11556.9 11556.9
-11609.4 11609.4
-11661.7 11661.7
-11713.6 11713.6
-11765.2 11765.2
-11816.5 11816.5
-11867.5 11867.5
-11918.2 11918.2
-11968.6 11968.6
-12018.6 12018.6
-12068.4 12068.4
-12117.9 12117.9
-12167.1 12167.1
-12216 12216
-12264.6 12264.6
-12312.9 12312.9
-12361 12361
-12408.7 12408.7
-12456.2 12456.2
-12503.4 12503.4
-12550.4 12550.4
-12597 12597
-12643.4 12643.4
-12689.6 12689.6
-12735.5 12735.5
-12781.1 12781.1
-12826.4 12826.4
-12871.5 12871.5
-12916.4 12916.4
-12960.9 12960.9
-13005.3 13005.3
-13049.4 13049.4
-13093.2 13093.2
-13136.8 13136.8
-13180.2 13180.2
-13223.3 13223.3
-13266.2 13266.2
-13308.9 13308.9
-13351.3 13351.3
-13393.5 13393.5
-13435.4 13435.4
-13477.1 13477.1
-13518.6 13518.6
-13559.9 13559.9
-13297.9 13297.9
-13037.2 13037.2
-12778.2 12778.2
-12520.8 12520.8
-12265.2 12265.2
-12011.6 12011.6
-11759.8 11759.8
-11510 11510
-11262.2 11262.2
-11016.5 11016.5
-10772.8 10772.8
-10531.1 10531.1
-10291.5 10291.5
-10054 10054
-9818.53 9818.53
-9585.17 9585.17
-9353.89 9353.89
-9124.68 9124.68
-8897.55 8897.55
-8672.48 8672.48
-8449.47 8449.47
-8228.52 8228.52
-8009.6 8009.6
-7792.71 7792.71
-7577.85 7577.85
-7364.99 7364.99
-7154.12 7154.12
-6945.23 6945.23
-6738.31 6738.31
-6533.34 6533.34
-6330.31 6330.31
-6129.19 6129.19
-5929.98 5929.98
-5732.66 5732.66
-5537.21 5537.21
-5343.62 5343.62
-5151.86 5151.86
-4961.93 4961.93
-4773.79 4773.79
-4587.45 4587.45
-4402.88 4402.88
-4220.06 4220.06
-4038.97 4038.97
-3859.6 3859.6
-3681.93 3681.93
-3505.94 3505.94
-3331.62 3331.62
-3158.95 3158.95
-2987.91 2987.91
-2818.47 2818.47
-2650.64 2650.64
-2484.38 2484.38
-2319.69 2319.69
-2156.54 2156.54
-1994.91 1994.91
-1834.8 1834.8
-1676.18 1676.18
-1519.04 1519.04
-1363.36 1363.36
-1209.13 1209.13
-1056.32 1056.32
-904.927 904.927
-754.929 754.929
-606.313 606.313
-459.061 459.061
-313.16 313.16
-168.592 168.592
-25.3442 25.3442
116.6 -116.6
257.255 -257.255
396.635 -396.635
534.755 -534.755
671.63 -671.63
807.274 -807.274
941.701 -941.701
1074.92 -1074.92
1206.96 -1206.96
1337.82 -1337.82
1467.52 -1467.52
1596.06 -1596.06
1723.48 -1723.48
1849.77 -1849.77
1974.95 -1974.95
2099.03 -2099.03
2222.03 -2222.03
2343.96 -2343.96
2464.83 -2464.83
2584.65 -2584.65
2703.43 -2703.43
2821.2 -2821.2
2937.95 -2937.95
3053.7 -3053.7
3168.46 -3168.46
3282.25 -3282.25
3395.06 -3395.06
3506.93 -3506.93
3617.85 -3617.85
3727.83 -3727.83
3836.9 -3836.9
3945.04 -3945.04
4052.29 -4052.29
4158.65 -4158.65
4264.12 -4264.12
4368.72 -4368.72
4472.46 -4472.46
4575.35 -4575.35
4677.4 -4677.4
4778.61 -4778.61
4879 -4879
4978.57 -4978.57
5077.34 -5077.34
5175.31 -5175.31
5272.49 -5272.49
5368.89 -5368.89
5464.53 -5464.53
5559.4 -5559.4
5653.51 -5653.51
5746.89 -5746.89
5839.52 -5839.52
5931.43 -5931.43
6022.61 -6022.61
6113.09 -6113.09
6202.86 -6202.86
6291.93 -6291.93
6380.31 -6380.31
6468.01 -6468.01
6555.03 -6555.03
6641.39 -6641.39
6727.08 -6727.08
6812.12 -6812.12
6896.52 -6896.52
6980.28 -6980.28
7063.4 -7063.4
7145.9 -7145.9
7227.78 -7227.78
7309.05 -7309.05
7389.71 -7389.71
7469.77 -7469.77
7549.24 -7549.24
7628.12 -7628.12
7706.42 -7706.42
7784.15 -7784.15
7861.31 -7861.31
7937.91 -7937.91
8013.95 -8013.95
8089.44 -8089.44
8164.38 -8164.38
8238.78 -8238.78
8312.65 -8312.65
8386 -8386
8458.82 -8458.82
8531.12 -8531.12
8602.91 -8602.91
8674.19 -8674.19
8744.97 -8744.97
8815.26 -8815.26
8885.05 -8885.05
8954.36 -8954.36
9023.18 -9023.18
9091.53 -9091.53
9159.41 -9159.41
9226.82 -9226.82
9293.77 -9293.77
9360.25 -9360.25
9426.29 -9426.29
9491.88 -9491.88
9557.02 -9557.02
9621.72 -9621.72
9685.99 -9685.99
9749.83 -9749.83
9813.24 -9813.24
9876.23 -9876.23
9938.79 -9938.79
10000.9 -10000.9
10062.7 -10062.7
10124 -10124
10185 -10185
10245.5 -10245.5
10305.6 -10305.6
10365.4 -10365.4
10424.8 -10424.8
10483.7 -10483.7
10542.3 -10542.3
10600.6 -10600.6
10658.4 -10658.4
10715.9 -10715.9
10773 -10773
10829.8 -10829.8
10886.2 -10886.2
10942.2 -10942.2
10997.9 -10997.9
11053.2 -11053.2
11108.2 -11108.2
11162.9 -11162.9
11217.2 -11217.2
11271.2 -11271.2
11324.8 -11324.8
11378.2 -11378.2
11431.2 -11431.2
11483.8 -11483.8
11536.2 -11536.2
11588.2 -11588.2
11639.9 -11639.9
11691.3 -11691.3
11742.4 -11742.4
11793.2 -11793.2
11843.7 -11843.7
11893.9 -11893.9
11943.8 -11943.8
11993.4 -11993.4
12042.7 -12042.7
12091.7 -12091.7
12140.4 -12140.4
12188.9 -12188.9
12237 -12237
12284.9 -12284.9
12332.5 -12332.5
12379.8 -12379.8
12426.9 -12426.9
12473.7 -12473.7
12520.2 -12520.2
12566.4 -12566.4
12612.4 -12612.4
12658.1 -12658.1
12703.6 -12703.6
12748.8 -12748.8
12793.8 -12793.8
12838.5 -12838.5
12883 -12883
12927.2 -12927.2
12971.2 -12971.2
13014.9 -13014.9
13058.4 -13058.4
13101.6 -13101.6
13144.6 -13144.6
13187.4 -13187.4
13229.9 -13229.9
13272.2 -13272.2
13314.3 -13314.3
13356.2 -13356.2
13397.8 -13397.8
13439.2 -13439.2
13480.4 -13480.4
13521.4 -13521.4
13562.1 -13562.1
13602.7 -13602.7
13643 -13643
13683.1 -13683.1
13723 -13723
13762.7 -13762.7
13802.1 -13802.1
13841.4 -13841.4
13880.5 -13880.5
13919.4 -13919.4
13958 -13958
13996.5 -13996.5
14034.8 -14034.8
14072.9 -14072.9
14110.7 -14110.7
14148.4 -14148.4
14185.9 -14185.9
14223.3 -14223.3
14260.4 -14260.4
14297.3 -14297.3
14334.1 -14334.1
14370.6 -14370.6
14407 -14407
14443.2 -14443.2
14479.3 -14479.3
14515.1 -14515.1
14550.8 -14550.8
14586.3 -14586.3
14621.6 -14621.6
14656.8 -14656.8
14691.8 -14691.8
14726.6 -14726.6
14761.2 -14761.2
14795.7 -14795.7
14830 -14830
14864.2 -14864.2
14898.2 -14898.2
14932 -14932
14965.7 -14965.7
14999.2 -14999.2
15032.5 -15032.5
15065.7 -15065.7
15098.8 -15098.8
15131.6 -15131.6
15164.4 -15164.4
15196.9 -15196.9
15229.4 -15229.4
15261.7 -15261.7
15293.8 -15293.8
15325.8 -15325.8
15357.6 -15357.6
15389.3 -15389.3
15420.8 -15420.8
15452.2 -15452.2
15483.5 -15483.5
15514.6 -15514.6
15545.6 -15545.6
15576.4 -15576.4
15314.4 -15314.4
15053.7 -15053.7
14794.5 -14794.5
14536.9 -14536.9
14281.2 -14281.2
14027.2 -14027.2
13775 -13775
13524.8 -13524.8
13276.4 -13276.4
13030.1 -13030.1
12785.6 -12785.6
12543.2 -12543.2
12302.7 -12302.7
12064.2 -12064.2
11827.8 -11827.8
11593.3 -11593.3
11360.8 -11360.8
11130.4 -11130.4
10901.9 -10901.9
10675.4 -10675.4
10450.9 -10450.9
10228.3 -10228.3
10007.8 -10007.8
9789.17 -9789.17
9572.51 -9572.51
9357.78 -9357.78
9144.98 -9144.98
8934.09 -8934.09
8725.1 -8725.1
8518 -8518
8312.76 -8312.76
8109.39 -8109.39
7907.86 -7907.86
7708.16 -7708.16
7510.27 -7510.27
7314.18 -7314.18
7119.87 -7119.87
6927.34 -6927.34
6736.55 -6736.55
6547.5 -6547.5
6360.17 -6360.17
6174.54 -6174.54
5990.61 -5990.61
5808.34 -5808.34
5627.73 -5627.73
5448.76 -5448.76
5271.41 -5271.41
5095.67 -5095.67
4921.52 -4921.52
4748.95 -4748.95
4577.94 -4577.94
4408.47 -4408.47
4240.52 -4240.52
4074.09 -4074.09
3909.15 -3909.15
3745.7 -3745.7
3583.71 -3583.71
3423.16 -3423.16
3264.05 -3264.05
3106.36 -3106.36
2950.08 -2950.08
2795.18 -2795.18
2641.65 -2641.65
2489.48 -2489.48
2338.66 -2338.66
2189.16 -2189.16
2040.98 -2040.98
1894.1 -1894.1
1748.51 -1748.51
1604.19 -1604.19
1461.12 -1461.12
1319.3 -1319.3
1178.71 -1178.71
1039.34 -1039.34
901.176 -901.176
764.199 -764.199
628.4 -628.4
493.765 -493.765
360.282 -360.282
227.938 -227.938
96.7207 -96.7207
-33.3827 33.3827
-162.384 162.384
-290.296 290.296
-417.131 417.131
-542.9 542.9
-667.614 667.614
-791.287 791.287
-913.928 913.928
-1035.55 1035.55
-1156.16 1156.16
-1275.78 1275.78
-1394.41 1394.41
-1512.06 1512.06
-1628.75 1628.75
-1744.49 1744.49
-1859.28 1859.28
-1973.14 1973.14
-2086.08 2086.08
-2198.1 2198.1
-2309.22 2309.22
-2419.44 2419.44
-2528.79 2528.79
-2637.25 2637.25
-2744.86 2744.86
-2851.61 2851.61
-2957.51 2957.51
-3062.57 3062.57
-3166.81 3166.81
-3270.23 3270.23
-3372.84 3372.84
-3474.65 3474.65
-3575.67 3575.67
-3675.9 3675.9
-3775.35 3775.35
-3874.04 3874.04
-3971.97 3971.97
-4069.15 4069.15
-4165.58 4165.58
-4261.28 4261.28
-4356.25 4356.25
-4450.51 4450.51
-4544.05 4544.05
-4636.88 4636.88
-4729.02 4729.02
-4820.47 4820.47
-4911.23 4911.23
-5001.32 5001.32
-5090.74 5090.74
-5179.5 5179.5
-5267.61 5267.61
-5355.07 5355.07
-5441.88 5441.88
-5528.06 5528.06
-5613.62 5613.62
-5698.55 5698.55
-5782.87 5782.87
-5866.58 5866.58
-5949.68 5949.68
-6032.19 6032.19
-6114.11 6114.11
-6195.45 6195.45
-6276.2 6276.2
-6356.39 6356.39
-6436 6436
-6515.06 6515.06
-6593.56 6593.56
-6671.51 6671.51
-6748.92 6748.92
-6825.79 6825.79
-6902.13 6902.13
-6977.94 6977.94
-7053.22 7053.22
-7127.99 7127.99
-7202.24 7202.24
-7275.99 7275.99
-7349.24 7349.24
-7421.98 7421.98
-7494.24 7494.24
-7566.01 7566.01
-7637.29 7637.29
-7708.1 7708.1
-7778.43 7778.43
-7848.3 7848.3
-7917.7 7917.7
-7986.64 7986.64
-8055.13 8055.13
-8123.16 8123.16
-8190.75 8190.75
-8257.89 8257.89
-8324.6 8324.6
-8390.87 8390.87
-8456.72 8456.72
-8522.14 8522.14
-8587.13 8587.13
-8651.71 8651.71
-8715.88 8715.88
-8779.63 8779.63
-8842.98 8842.98
-8905.93 8905.93
-8968.47 8968.47
-9030.63 9030.63
-9092.39 9092.39
-9153.77 9153.77
-9214.76 9214.76
-9275.37 9275.37
-9335.61 9335.61
-9395.47 9395.47
-9454.96 9454.96
-9514.09 9514.09
-9572.85 9572.85
-9631.25 9631.25
-9689.3 9689.3
-9747 9747
-9804.34 9804.34
-9861.34 9861.34
-9917.99 9917.99
-9974.3 9974.3
-10030.3 10030.3
-10085.9 10085.9
-10141.2 10141.2
-10196.2 10196.2
-10250.9 10250.9
-10305.2 10305.2
-10359.2 10359.2
-10412.9 10412.9
-10466.3 10466.3
-10519.4 10519.4
-10572.1 10572.1
-10624.6 10624.6
-10676.7 10676.7
-10728.6 10728.6
-10780.2 10780.2
-10831.4 10831.4
-10882.4 10882.4
-10933.1 10933.1
-10983.4 10983.4
-11033.5 11033.5
-11083.4 11083.4
-11132.9 11132.9
-11182.2 11182.2
-11231.2 11231.2
-11279.9 11279.9
-11328.3 11328.3
-11376.5 11376.5
-11424.4 11424.4
-11472.1 11472.1
-11519.4 11519.4
-11566.6 11566.6
-11613.4 11613.4
-11660 11660
-11706.4 11706.4
-11752.5 11752.5
-11798.4 11798.4
-11844 11844
-11889.3 11889.3
-11934.5 11934.5
-11979.3 11979.3
-12024 12024
-12068.4 12068.4
-12112.6 12112.6
-12156.5 12156.5
-12200.2 12200.2
-12243.7 12243.7
-12287 12287
-12330 12330
-12372.8 12372.8
-12415.4 12415.4
-12457.7 12457.7
-12499.9 12499.9
-12541.8 12541.8
-12583.5 12583.5
-12625 12625
-12666.3 12666.3
-12707.4 12707.4
-12748.3 12748.3
-12788.9 12788.9
-12829.4 12829.4
-12869.6 12869.6
-12909.7 12909.7
-12949.5 12949.5
-12989.2 12989.2
-13028.7 13028.7
-13067.9 13067.9
-13107 13107
-13145.9 13145.9
-13184.6 13184.6
-13223.1 13223.1
-13261.4 13261.4
-13299.5 13299.5
-13337.5 13337.5
-13375.2 13375.2
-13412.8 13412.8
-13450.2 13450.2
-13487.4 13487.4
-13524.4 13524.4
-13561.3 13561.3
-13598 13598
-13634.5 13634.5
-13670.8 13670.8
-13707 13707
-13743 13743
-13778.8 13778.8
-13814.5 13814.5
-13850 13850
-13885.3 13885.3
-13920.5 13920.5
-13955.5 13955.5
-13990.4 13990.4
-14025 14025
-14059.6 14059.6
-14093.9 14093.9
-14128.1 14128.1
-14162.2 14162.2
-14196.1 14196.1
-14229.9 14229.9
-14263.4 14263.4
-14296.9 14296.9
-14330.2 14330.2
-14363.3 14363.3
-14396.3 14396.3
-14429.2 14429.2
-14461.9 14461.9
-14494.5 14494.5
-14526.9 14526.9
-14559.2 14559.2
-14591.3 14591.3
-14623.3 14623.3
-14655.2 14655.2
-14686.9 14686.9
-14718.5 14718.5
-14749.9 14749.9
-14781.2 14781.2
-14812.4 14812.4
-14843.4 14843.4
-14874.3 14874.3
-14905.1 14905.1
-14935.8 14935.8
-14966.3 14966.3
-14996.7 14996.7
-15026.9 15026.9
-15057.1 15057.1
-15087.1 15087.1
-15117 15117
-15146.7 15146.7
-15176.3 15176.3
-15205.9 15205.9
-15235.2 15235.2
-15264.5 15264.5
-15293.7 15293.7
-15322.7 15322.7
-15351.6 15351.6
-15380.4 15380.4
-15409.1 15409.1
-15437.6 15437.6
-15466.1 15466.1
-15494.4 15494.4
-15522.6 15522.6
-15550.7 15550.7
-15578.7 15578.7
-15606.6 15606.6
-15634.3 15634.3
-15662 15662
-15689.5 15689.5
-15717 15717
-15744.3 15744.3
-15771.5 15771.5
-15798.7 15798.7
-15825.7 15825.7
-15852.6 15852.6
-15879.4 15879.4
-15906.1 15906.1
-15932.7 15932.7
-15959.2 15959.2
-15985.6 15985.6
-16011.8 16011.8
-16038 16038
-16064.1 16064.1
-16090.1 16090.1
-16116 16116
-16141.8 16141.8
-16167.5 16167.5
-15905.5 15905.5
-15644.7 15644.7
-15385.5 15385.5
-15127.9 15127.9
-14872.1 14872.1
-14618 14618
-14365.8 14365.8
-14115.5 14115.5
-13867 13867
-13620.5 13620.5
-13375.9 13375.9
-13133.2 13133.2
-12892.6 12892.6
-12653.9 12653.9
-12417.1 12417.1
-12182.4 12182.4
-11949.6 11949.6
-11718.8 11718.8
-11490 11490
-11263.1 11263.1
-11038.2 11038.2
-10815.3 10815.3
-10594.3 10594.3
-10375.2 10375.2
-10158.1 10158.1
-9942.84 9942.84
-9729.52 9729.52
-9518.09 9518.09
-9308.54 9308.54
-9100.85 9100.85
-8895.02 8895.02
-8691.03 8691.03
-8488.86 8488.86
-8288.5 8288.5
-8089.94 8089.94
-7893.16 7893.16
-7698.14 7698.14
-7504.88 7504.88
-7313.35 7313.35
-7123.54 7123.54
-6935.43 6935.43
-6749.02 6749.02
-6564.27 6564.27
-6381.18 6381.18
-6199.74 6199.74
-6019.92 6019.92
-5841.71 5841.71
-5665.09 5665.09
-5490.05 5490.05
-5316.58 5316.58
-5144.65 5144.65
-4974.25 4974.25
-4805.37 4805.37
-4637.99 4637.99
-4472.09 4472.09
-4307.66 4307.66
-4144.69 4144.69
-3983.15 3983.15
-3823.04 3823.04
-3664.34 3664.34
-3507.03 3507.03
-3351.1 3351.1
-3196.54 3196.54
-3043.33 3043.33
-2891.45 2891.45
-2740.89 2740.89
-2591.64 2591.64
-2443.69 2443.69
-2297.01 2297.01
-2151.6 2151.6
-2007.44 2007.44
-1864.52 1864.52
-1722.82 1722.82
-1582.34 1582.34
-1443.05 1443.05
-1304.95 1304.95
-1168.02 1168.02
-1032.25 1032.25
-897.63 897.63
-764.143 764.143
-631.779 631.779
-500.525 500.525
-370.369 370.369
-241.299 241.299
-113.304 113.304
13.6292 -13.6292
139.511 -139.511
264.353 -264.353
388.168 -388.168
510.964 -510.964
632.755 -632.755
753.551 -753.551
873.363 -873.363
992.2 -992.2
1110.08 -1110.08
1227 -1227
1342.98 -1342.98
1458.02 -1458.02
1572.15 -1572.15
1685.36 -1685.36
1797.67 -1797.67
1909.09 -1909.09
2019.63 -2019.63
2129.29 -2129.29
2238.09 -2238.09
2346.03 -2346.03
2453.13 -2453.13
2559.39 -2559.39
2664.82 -2664.82
2769.43 -2769.43
2873.23 -2873.23
2976.24 -2976.24
3078.44 -3078.44
3179.87 -3179.87
3280.51 -3280.51
3380.39 -3380.39
3479.51 -3479.51
3577.88 -3577.88
3675.5 -3675.5
3772.39 -3772.39
3868.54 -3868.54
3963.98 -3963.98
4058.7 -4058.7
4152.72 -4152.72
4246.04 -4246.04
4338.67 -4338.67
4430.61 -4430.61
4521.87 -4521.87
4612.47 -4612.47
4702.4 -4702.4
4791.67 -4791.67
4880.3 -4880.3
4968.28 -4968.28
5055.63 -5055.63
5142.34 -5142.34
5228.43 -5228.43
5313.91 -5313.91
5398.77 -5398.77
5483.03 -5483.03
5566.69 -5566.69
5649.76 -5649.76
5732.24 -5732.24
5814.14 -5814.14
5895.47 -5895.47
5976.23 -5976.23
6056.42 -6056.42
6136.06 -6136.06
6215.14 -6215.14
6293.68 -6293.68
6371.67 -6371.67
6449.13 -6449.13
6526.06 -6526.06
6602.46 -6602.46
6678.35 -6678.35
6753.71 -6753.71
6828.57 -6828.57
6902.92 -6902.92
6976.78 -6976.78
7050.13 -7050.13
7123 -7123
7195.38 -7195.38
7267.28 -7267.28
7338.7 -7338.7
7409.66 -7409.66
7480.14 -7480.14
7550.16 -7550.16
7619.72 -7619.72
7688.83 -7688.83
7757.49 -7757.49
7825.71 -7825.71
7893.48 -7893.48
7960.81 -7960.81
8027.72 -8027.72
8094.19 -8094.19
8160.24 -8160.24
8225.87 -8225.87
8291.08 -8291.08
8355.88 -8355.88
8420.27 -8420.27
8484.25 -8484.25
8547.84 -8547.84
8611.02 -8611.02
8673.81 -8673.81
8736.21 -8736.21
8798.23 -8798.23
8859.86 -8859.86
8921.11 -8921.11
8981.98 -8981.98
9042.48 -9042.48
9102.61 -9102.61
9162.38 -9162.38
9221.78 -9221.78
9280.82 -9280.82
9339.51 -9339.51
9397.84 -9397.84
9455.83 -9455.83
9513.47 -9513.47
9570.76 -9570.76
9627.71 -9627.71
9684.33 -9684.33
9740.61 -9740.61
9796.55 -9796.55
9852.17 -9852.17
9907.47 -9907.47
9962.44 -9962.44
10017.1 -10017.1
10071.4 -10071.4
10125.4 -10125.4
10179.2 -10179.2
10232.6 -10232.6
10285.6 -10285.6
10338.4 -10338.4
10390.9 -10390.9
10443.1 -10443.1
10495 -10495
10546.6 -10546.6
10597.9 -10597.9
10648.9 -10648.9
10699.7 -10699.7
10750.1 -10750.1
10800.3 -10800.3
10850.2 -10850.2
10899.8 -10899.8
10949.1 -10949.1
10998.2 -10998.2
11047 -11047
11095.5 -11095.5
11143.8 -11143.8
11191.8 -11191.8
11239.6 -11239.6
11287 -11287
11334.3 -11334.3
11381.3 -11381.3
11428 -11428
11474.5 -11474.5
11520.7 -11520.7
11566.7 -11566.7
11612.4 -11612.4
11657.9 -11657.9
11703.2 -11703.2
11748.2 -11748.2
11793 -11793
11837.5 -11837.5
11881.8 -11881.8
11925.9 -11925.9
11969.8 -11969.8
12013.4 -12013.4
12056.8 -12056.8
12100 -12100
12143 -12143
12185.7 -12185.7
12228.2 -12228.2
12270.5 -12270.5
12312.6 -12312.6
12354.5 -12354.5
12396.2 -12396.2
12437.7 -12437.7
12478.9 -12478.9
12520 -12520
12560.8 -12560.8
12601.5 -12601.5
12641.9 -12641.9
12682.1 -12682.1
12722.2 -12722.2
12762 -12762
12801.7 -12801.7
12841.1 -12841.1
12880.4 -12880.4
12919.5 -12919.5
12958.4 -12958.4
12997.1 -12997.1
13035.6 -13035.6
13073.9 -13073.9
13112.1 -13112.1
13150 -13150
13187.8 -13187.8
13225.4 -13225.4
13262.9 -13262.9
13300.1 -13300.1
13337.2 -13337.2
13374.1 -13374.1
13410.8 -13410.8
13447.4 -13447.4
13483.8 -13483.8
13520 -13520
13556.1 -13556.1
13591.9 -13591.9
13627.7 -13627.7
13663.2 -13663.2
13698.6 -13698.6
13733.9 -13733.9
13768.9 -13768.9
13803.8 -13803.8
13838.6 -13838.6
13873.2 -13873.2
13907.7 -13907.7
13941.9 -13941.9
13976.1 -13976.1
14010.1 -14010.1
14043.9 -14043.9
14077.6 -14077.6
14111.1 -14111.1
14144.5 -14144.5
14177.8 -14177.8
14210.8 -14210.8
14243.8 -14243.8
14276.6 -14276.6
14309.3 -14309.3
14341.8 -14341.8
14374.2 -14374.2
14406.4 -14406.4
14438.5 -14438.5
14470.5 -14470.5
14502.3 -14502.3
14534 -14534
14565.6 -14565.6
14597 -14597
14628.3 -14628.3
14659.4 -14659.4
14690.5 -14690.5
14721.4 -14721.4
14752.1 -14752.1
14782.8 -14782.8
14813.3 -14813.3
14843.7 -14843.7
14873.9 -14873.9
14904.1 -14904.1
14934.1 -14934.1
14964 -14964
14993.7 -14993.7
15023.4 -15023.4
15052.9 -15052.9
15082.3 -15082.3
15111.6 -15111.6
15140.8 -15140.8
15169.8 -15169.8
15198.7 -15198.7
15227.6 -15227.6
15256.3 -15256.3
15284.8 -15284.8
15313.3 -15313.3
15341.7 -15341.7
15369.9 -15369.9
15398.1 -15398.1
15426.1 -15426.1
15454 -15454
15481.8 -15481.8
15509.5 -15509.5
15537.1 -15537.1
15564.6 -15564.6
15592 -15592
15619.2 -15619.2
15646.4 -15646.4
15673.5 -15673.5
15700.4 -15700.4
15727.3 -15727.3
15754 -15754
15780.7 -15780.7
15807.2 -15807.2
15833.7 -15833.7
15860 -15860
15886.3 -15886.3
15912.4 -15912.4
15938.5 -15938.5
15964.5 -15964.5
15990.3 -15990.3
16016.1 -16016.1
16041.8 -16041.8
16067.3 -16067.3
16092.8 -16092.8
16118.2 -16118.2
16143.5 -16143.5
16168.7 -16168.7
16193.8 -16193.8
16218.8 -16218.8
16243.8 -16243.8
16268.6 -16268.6
16293.3 -16293.3
16318 -16318
16342.6 -16342.6
16367.1 -16367.1
16391.5 -16391.5
16415.8 -16415.8
16440 -16440
16464.1 -16464.1
16488.2 -16488.2
16512.2 -16512.2
16536 -16536
16559.8 -16559.8
16583.6 -16583.6
16607.2 -16607.2
16630.8 -16630.8
16654.2 -16654.2
16677.6 -16677.6
16700.9 -16700.9
16724.2 -16724.2
16747.3 -16747.3
16770.4 -16770.4
16793.4 -16793.4
16816.3 -16816.3
16839.1 -16839.1
16861.9 -16861.9
16884.6 -16884.6
16907.2 -16907.2
16929.7 -16929.7
16952.2 -16952.2
16974.5 -16974.5
16996.8 -16996.8
17019.1 -17019.1
17041.2 -17041.2
17063.3 -17063.3
17085.3 -17085.3
17107.3 -17107.3
17129.1 -17129.1
17150.9 -17150.9
17172.6 -17172.6
17194.3 -17194.3
17215.9 -17215.9
17237.4 -17237.4
17258.8 -17258.8
17280.2 -17280.2
17301.5 -17301.5
17322.8 -17322.8
17343.9 -17343.9
17365 -17365
17386.1 -17386.1
17407 -17407
17427.9 -17427.9
17448.8 -17448.8
17469.5 -17469.5
17490.3 -17490.3
17510.9 -17510.9
17531.5 -17531.5
17552 -17552
17572.4 -17572.4
17592.8 -17592.8
17613.1 -17613.1
17633.4 -17633.4
17653.6 -17653.6
17673.7 -17673.7
17693.8 -17693.8
17713.8 -17713.8
17733.8 -17733.8
17753.6 -17753.6
17773.5 -17773.5
17793.2 -17793.2
17813 -17813
17832.6 -17832.6
17852.2 -17852.2
17871.7 -17871.7
17891.2 -17891.2
17910.6 -17910.6
17648.6 -17648.6
17387.8 -17387.8
17128.5 -17128.5
16870.7 -16870.7
16614.7 -16614.7
16360.4 -16360.4
16107.8 -16107.8
15857.1 -15857.1
15608.2 -15608.2
15361.1 -15361.1
15116 -15116
14872.7 -14872.7
14631.3 -14631.3
14391.9 -14391.9
14154.3 -14154.3
13918.7 -13918.7
13685 -13685
13453.2 -13453.2
13223.3 -13223.3
12995.3 -12995.3
12769.3 -12769.3
12545.1 -12545.1
12322.8 -12322.8
12102.4 -12102.4
11883.9 -11883.9
11667.2 -11667.2
11452.4 -11452.4
11239.4 -11239.4
11028.3 -11028.3
10819 -10819
10611.5 -10611.5
10405.7 -10405.7
10201.8 -10201.8
9999.62 -9999.62
9799.2 -9799.2
9600.51 -9600.51
9403.56 -9403.56
9208.31 -9208.31
9014.77 -9014.77
8822.9 -8822.9
8632.71 -8632.71
8444.16 -8444.16
8257.26 -8257.26
8071.98 -8071.98
7888.3 -7888.3
7706.23 -7706.23
7525.73 -7525.73
7346.8 -7346.8
7169.41 -7169.41
6993.56 -6993.56
6819.24 -6819.24
6646.41 -6646.41
6475.08 -6475.08
6305.22 -6305.22
6136.83 -6136.83
5969.88 -5969.88
5804.37 -5804.37
5640.27 -5640.27
5477.57 -5477.57
5316.27 -5316.27
5156.34 -5156.34
4997.77 -4997.77
4840.55 -4840.55
4684.67 -4684.67
4530.1 -4530.1
4376.84 -4376.84
4224.87 -4224.87
4074.19 -4074.19
3924.76 -3924.76
3776.59 -3776.59
3629.66 -3629.66
3483.96 -3483.96
3339.47 -3339.47
3196.19 -3196.19
3054.09 -3054.09
2913.17 -2913.17
2773.41 -2773.41
2634.8 -2634.8
2497.33 -2497.33
2360.99 -2360.99
2225.77 -2225.77
2091.65 -2091.65
1958.62 -1958.62
1826.67 -1826.67
1695.79 -1695.79
1565.97 -1565.97
1437.2 -1437.2
1309.46 -1309.46
1182.75 -1182.75
1057.05 -1057.05
932.35 -932.35
808.648 -808.648
685.927 -685.927
564.178 -564.178
443.392 -443.392
323.556 -323.556
204.663 -204.663
86.7015 -86.7015
-30.3381 30.3381
-146.465 146.465
-261.69 261.69
-376.02 376.02
-489.467 489.467
-602.039 602.039
-713.746 713.746
-824.595 824.595
-934.597 934.597
-1043.76 1043.76
-1152.09 1152.09
-1259.6 1259.6
-1366.3 1366.3
-1472.19 1472.19
-1577.29 1577.29
-1681.6 1681.6
-1785.13 1785.13
-1887.88 1887.88
-1989.88 1989.88
-2091.11 2091.11
-2191.6 2191.6
-2291.34 2291.34
-2390.36 2390.36
-2488.64 2488.64
-2586.21 2586.21
-2683.07 2683.07
-2779.22 2779.22
-2874.68 2874.68
-2969.45 2969.45
-3063.53 3063.53
-3156.94 3156.94
-3249.67 3249.67
-3341.75 3341.75
-3433.17 3433.17
-3523.94 3523.94
-3614.07 3614.07
-3703.56 3703.56
-3792.42 3792.42
-3880.66 3880.66
-3968.28 3968.28
-4055.29 4055.29
-4141.69 4141.69
-4227.49 4227.49
-4312.7 4312.7
-4397.32 4397.32
-4481.36 4481.36
-4564.83 4564.83
-4647.72 4647.72
-4730.05 4730.05
-4811.82 4811.82
-4893.03 4893.03
-4973.7 4973.7
-5053.82 5053.82
-5133.4 5133.4
-5212.45 5212.45
-5290.97 5290.97
-5368.97 5368.97
-5446.45 5446.45
-5523.42 5523.42
-5599.88 5599.88
-5675.84 5675.84
-5751.3 5751.3
-5826.26 5826.26
-5900.74 5900.74
-5974.73 5974.73
-6048.24 6048.24
-6121.28 6121.28
-6193.84 6193.84
-6265.94 6265.94
-6337.58 6337.58
-6408.76 6408.76
-6479.48 6479.48
-6549.76 6549.76
-6619.59 6619.59
-6688.98 6688.98
-6757.93 6757.93
-6826.45 6826.45
-6894.54 6894.54
-6962.2 6962.2
-7029.45 7029.45
-7096.27 7096.27
-7162.69 7162.69
-7228.69 7228.69
-7294.29 7294.29
-7359.48 7359.48
-7424.28 7424.28
-7488.68 7488.68
-7552.69 7552.69
-7616.31 7616.31
-7679.55 7679.55
-7742.4 7742.4
-7804.88 7804.88
-7866.98 7866.98
-7928.72 7928.72
-7990.08 7990.08
-8051.08 8051.08
-8111.72 8111.72
-8172 8172
-8231.93 8231.93
-8291.5 8291.5
-8350.72 8350.72
-8409.6 8409.6
-8468.14 8468.14
-8526.34 8526.34
-8584.19 8584.19
-8641.72 8641.72
-8698.92 8698.92
-8755.78 8755.78
-8812.32 8812.32
-8868.54 8868.54
-8924.44 8924.44
-8980.02 8980.02
-9035.29 9035.29
-9090.25 9090.25
-9144.89 9144.89
-9199.23 9199.23
-9253.27 9253.27
-9307.01 9307.01
-9360.44 9360.44
-9413.58 9413.58
-9466.43 9466.43
-9518.99 9518.99
-9571.25 9571.25
-9623.23 9623.23
-9674.93 9674.93
-9726.34 9726.34
-9777.48 9777.48
-9828.34 9828.34
-9878.92 9878.92
-9929.23 9929.23
-9979.27 9979.27
-10029 10029
-10078.6 10078.6
-10127.8 10127.8
-10176.8 10176.8
-10225.5 10225.5
-10274 10274
-10322.2 10322.2
-10370.1 10370.1
-10417.8 10417.8
-10465.3 10465.3
-10512.5 10512.5
-10559.5 10559.5
-10606.2 10606.2
-10652.7 10652.7
-10698.9 10698.9
-10744.9 10744.9
-10790.7 10790.7
-10836.2 10836.2
-10881.5 10881.5
-10926.6 10926.6
-10971.4 10971.4
-11016 11016
-11060.4 11060.4
-11104.6 11104.6
-11148.6 11148.6
-11192.3 11192.3
-11235.8 11235.8
-11279.1 11279.1
-11322.2 11322.2
-11365.1 11365.1
-11407.7 11407.7
-11450.2 11450.2
-11492.4 11492.4
-11534.4 11534.4
-11576.3 11576.3
-11617.9 11617.9
-11659.3 11659.3
-11700.5 11700.5
-11741.6 11741.6
-11782.4 11782.4
-11823 11823
-11863.5 11863.5
-11903.7 11903.7
-11943.8 11943.8
-11983.6 11983.6
-12023.3 12023.3
-12062.8 12062.8
-12102.1 12102.1
-12141.2 12141.2
-12180.2 12180.2
-12218.9 12218.9
-12257.5 12257.5
-12295.9 12295.9
-12334.1 12334.1
-12372.2 12372.2
-12410 12410
-12447.7 12447.7
-12485.3 12485.3
-12522.6 12522.6
-12559.8 12559.8
-12596.8 12596.8
-12633.7 12633.7
-12670.3 12670.3
-12706.9 12706.9
-12743.2 12743.2
-12779.4 12779.4
-12815.4 12815.4
-12851.3 12851.3
-12887 12887
-12922.6 12922.6
-12958 12958
-12993.2 12993.2
-13028.3 13028.3
-13063.2 13063.2
-13098 13098
-13132.6 13132.6
-13167.1 13167.1
-13201.4 13201.4
-13235.6 13235.6
-13269.6 13269.6
-13303.5 13303.5
-13337.3 13337.3
-13370.9 13370.9
-13404.3 13404.3
-13437.6 13437.6
-13470.8 13470.8
-13503.8 13503.8
-13536.7 13536.7
-13569.5 13569.5
-13602.1 13602.1
-13634.6 13634.6
-13666.9 13666.9
-13699.1 13699.1
-13731.2 13731.2
-13763.1 13763.1
-13794.9 13794.9
-13826.6 13826.6
-13858.2 13858.2
-13889.6 13889.6
-13920.9 13920.9
-13952 13952
-13983.1 13983.1
-14014 14014
-14044.8 14044.8
-14075.4 14075.4
-14106 14106
-14136.4 14136.4
-14166.7 14166.7
-14196.9 14196.9
-14226.9 14226.9
-14256.9 14256.9
-14286.7 14286.7
-14316.4 14316.4
-14346 14346
-14375.4 14375.4
-14404.8 14404.8
-14434 14434
-14463.1 14463.1
-14492.1 14492.1
-14521 14521
-14549.8 14549.8
-14578.5 14578.5
-14607.1 14607.1
-14635.5 14635.5
-14663.9 14663.9
-14692.1 14692.1
-14720.2 14720.2
-14748.3 14748.3
-14776.2 14776.2
-14804 14804
-14831.7 14831.7
-14859.3 14859.3
-14886.8 14886.8
-14914.2 14914.2
-14941.5 14941.5
-14968.7 14968.7
-14995.8 14995.8
-15022.8 15022.8
-15049.7 15049.7
-15076.4 15076.4
-15103.1 15103.1
-15129.7 15129.7
-15156.2 15156.2
-15182.6 15182.6
-15209 15209
-15235.2 15235.2
-15261.3 15261.3
-15287.3 15287.3
-15313.2 15313.2
-15339.1 15339.1
-15364.8 15364.8
-15390.5 15390.5
-15416 15416
-15441.5 15441.5
-15466.9 15466.9
-15492.2 15492.2
-15517.4 15517.4
-15542.5 15542.5
-15567.5 15567.5
-15592.5 15592.5
-15617.3 15617.3
-15642.1 15642.1
-15666.8 15666.8
-15691.3 15691.3
-15715.9 15715.9
-15740.3 15740.3
-15764.6 15764.6
-15788.9 15788.9
-15813 15813
-15837.1 15837.1
-15861.2 15861.2
-15885.1 15885.1
-15908.9 15908.9
-15932.7 15932.7
-15956.4 15956.4
-15980 15980
-16003.5 16003.5
-16027 16027
-16050.3 16050.3
-16073.6 16073.6
-16096.8 16096.8
-16120 16120
-16143.1 16143.1
-16166 16166
-16189 16189
-16211.8 16211.8
-16234.6 16234.6
-16257.2 16257.2
-16279.9 16279.9
-16302.4 16302.4
-16324.9 16324.9
-16347.3 16347.3
-16369.6 16369.6
-16391.8 16391.8
-16414 16414
-16436.1 16436.1
-16458.2 16458.2
-16480.1 16480.1
-16502 16502
-16523.9 16523.9
-16545.6 16545.6
-16567.3 16567.3
-16589 16589
-16610.5 16610.5
-16632 16632
-16653.4 16653.4
-16674.8 16674.8
-16696.1 16696.1
-16717.3 16717.3
-16738.5 16738.5
-16759.6 16759.6
-16780.6 16780.6
-16801.5 16801.5
-16822.4 16822.4
-16843.3 16843.3
-16864.1 16864.1
-16884.8 16884.8
-16905.4 16905.4
-16926 16926
-16946.5 16946.5
-16967 16967
-16987.4 16987.4
-17007.7 17007.7
-17028 17028
-17048.2 17048.2
-17068.4 17068.4
-17088.5 17088.5
-17108.5 17108.5
-17128.5 17128.5
-17148.4 17148.4
-17168.3 17168.3
-17188.1 17188.1
-17207.9 17207.9
-17227.6 17227.6
-17247.2 17247.2
-17266.8 17266.8
-17286.3 17286.3
-17305.8 17305.8
-17325.2 17325.2
-17344.5 17344.5
-17363.8 17363.8
-17383.1 17383.1
-17402.2 17402.2
-17421.4 17421.4
-17440.5 17440.5
-17459.5 17459.5
-17478.5 17478.5
-17497.4 17497.4
-17516.2 17516.2
-17535.1 17535.1
-17553.8 17553.8
-17572.5 17572.5
-17591.2 17591.2
-17609.8 17609.8
-17628.3 17628.3
-17646.8 17646.8
-17665.3 17665.3
-17683.7 17683.7
-17702 17702
-17720.3 17720.3
-17738.6 17738.6
-17756.8 17756.8
-17774.9 17774.9
-17793 17793
-17811.1 17811.1
-17829.1 17829.1
-17847.1 17847.1
-17865 17865
-17882.8 17882.8
-17900.6 17900.6
-17918.4 17918.4
-17936.1 17936.1
-17953.8 17953.8
-17971.4 17971.4
-17989 17989
-18006.5 18006.5
-18024 18024
-18041.5 18041.5
-18058.9 18058.9
-18076.2 18076.2
-18093.5 18093.5
-18110.8 18110.8
-18128 18128
-18145.2 18145.2
-18162.3 18162.3
-18179.4 18179.4
-18196.4 18196.4
-18213.4 18213.4
-18230.3 18230.3
-18247.3 18247.3
-18264.1 18264.1
-18280.9 18280.9
-18297.7 18297.7
-18314.5 18314.5
-18331.2 18331.2
-18347.8 18347.8
-18364.4 18364.4
-18381 18381
-18397.5 18397.5
-18414 18414
-18430.5 18430.5
-18446.9 18446.9
-18463.3 18463.3
-18479.6 18479.6
-18495.9 18495.9
-18512.1 18512.1
-18528.3 18528.3
-18544.5 18544.5
-18560.6 18560.6
-18576.7 18576.7
-18592.8 18592.8
-18608.8 18608.8
-18624.7 18624.7
-18362.7 18362.7
-18101.9 18101.9
-17842.5 17842.5
-17584.7 17584.7
-17328.6 17328.6
-17074.1 17074.1
-16821.4 16821.4
-16570.5 16570.5
-16321.3 16321.3
-16074 16074
-15828.6 15828.6
-15585 15585
-15343.3 15343.3
-15103.5 15103.5
-14865.5 14865.5
-14629.5 14629.5
-14395.3 14395.3
-14163 14163
-13932.6 13932.6
-13704.1 13704.1
-13477.4 13477.4
-13252.6 13252.6
-13029.7 13029.7
-12808.7 12808.7
-12589.4 12589.4
-12372.1 12372.1
-12156.5 12156.5
-11942.8 11942.8
-11730.8 11730.8
-11520.7 11520.7
-11312.4 11312.4
-11105.8 11105.8
-10900.9 10900.9
-10697.9 10697.9
-10496.5 10496.5
-10296.9 10296.9
-10098.9 10098.9
-9902.71 9902.71
-9708.15 9708.15
-9515.26 9515.26
-9324.01 9324.01
-9134.4 9134.4
-8946.41 8946.41
-8760.03 8760.03
-8575.24 8575.24
-8392.03 8392.03
-8210.38 8210.38
-8030.28 8030.28
-7851.72 7851.72
-7674.67 7674.67
-7499.14 7499.14
-7325.09 7325.09
-7152.52 7152.52
-6981.42 6981.42
-6811.76 6811.76
-6643.54 6643.54
-6476.74 6476.74
-6311.35 6311.35
-6147.35 6147.35
-5984.73 5984.73
-5823.47 5823.47
-5663.57 5663.57
-5505.01 5505.01
-5347.77 5347.77
-5191.84 5191.84
-5037.21 5037.21
-4883.86 4883.86
-4731.79 4731.79
-4580.97 4580.97
-4431.4 4431.4
-4283.07 4283.07
-4135.95 4135.95
-3990.04 3990.04
-3845.33 3845.33
-3701.8 3701.8
-3559.44 3559.44
-3418.24 3418.24
-3278.19 3278.19
-3139.27 3139.27
-3001.48 3001.48
-2864.8 2864.8
-2729.22 2729.22
-2594.72 2594.72
-2461.3 2461.3
-2328.95 2328.95
-2197.66 2197.66
-2067.41 2067.41
-1938.19 1938.19
-1810 1810
-1682.81 1682.81
-1556.63 1556.63
-1431.44 1431.44
-1307.23 1307.23
-1183.99 1183.99
-1061.72 1061.72
-940.39 940.39
-820.004 820.004
-700.549 700.549
-582.015 582.015
-464.394 464.394
-347.675 347.675
-231.849 231.849
-116.908 116.908
-2.84189 2.84189
110.358 -110.358
222.701 -222.701
334.196 -334.196
444.851 -444.851
554.674 -554.674
663.676 -663.676
771.8